2014-06-09 13:27:57,349 - sauce_connect:554 - INFO - / Starting \
2014-06-09 13:27:57,355 - sauce_connect:555 - INFO - Please wait for "You may start your tests" to start your tests.
2014-06-09 13:27:57,361 - sauce_connect:567 - DEBUG - System is -7.0 hours off UTC
2014-06-09 13:27:57,362 - sauce_connect:569 - DEBUG - options: {'user': 'abhijitpendyal', 'ports': ['61861'], 'domains': ['sauce-connect.proxy'], 'debug_ssh': False, 'tunnel_ports': ['80'], 'allow_unclean_exit': False, 'rest_url': 'https://saucelabs.com/rest/v1', 'logfile': 'sauce_connect.log', 'squid_opts': '', 'ssh': False, 'se_port': '4445', 'readyfile': 'sauce_connect.ready', 'shared_tunnel': False, 'boost_mode': True, 'tunnel_identifier': '', 'ssh_port': 443, 'fast_fail_regexps': '', 'direct_domains': '', 'host': '127.0.0.1', 'quiet': False, 'latency_log': 150, 'use_ssh_config': False}
2014-06-09 13:27:57,365 - sauce_connect:570 - DEBUG - metadata: {'PythonVersion': '2.5.1', 'OwnerHost': '127.0.0.1', 'Release': '3.0-r25', 'OwnerPorts': ['61861'], 'Ports': ['80'], 'Platform': 'Java-1.6.0_65-Java_HotSpot-TM-_64-Bit_Server_VM,_20.65-b04-462,_Apple_Inc.-on-Mac_OS_X-10.9.3-x86_64', 'Build': '38', 'ScriptRelease': 38, 'ScriptName': 'sauce_connect'}
2014-06-09 13:27:57,367 - sauce_connect:572 - INFO - Forwarding: ['sauce-connect.proxy']:['80'] -> 127.0.0.1:['61861']
2014-06-09 13:27:57,384 - sauce_connect:371 - INFO - Succesfully connected to local server 127.0.0.1:61861 in 6ms
2014-06-09 13:27:57,793 - sauce_connect:234 - INFO - {"squid_config":null,"use_caching_proxy":true,"metadata":{"PythonVersion":"2.5.1","OwnerHost":"127.0.0.1","Release":"3.0-r25","OwnerPorts":["61861"],"Ports":["80"],"Platform":"Java-1.6.0_65-Java_HotSpot-TM-_64-Bit_Server_VM,_20.65-b04-462,_Apple_Inc.-on-Mac_OS_X-10.9.3-x86_64","Build":"38","ScriptRelease":38,"ScriptName":"sauce_connect"},"use_kgp":true,"tunnel_identifier":"","shared_tunnel":false,"fast_fail_regexps":null,"ssh_port":443,"direct_domains":null,"domain_names":["sauce-connect.proxy"]}
2014-06-09 13:28:03,043 - sauce_connect:246 - INFO - Tunnel remote VM is provisioned (e0473e69da124e59916deb3e6d67c6c9)
2014-06-09 13:28:03,230 - sauce_connect:264 - INFO - Tunnel remote VM is booting ..
2014-06-09 13:28:16,061 - sauce_connect:268 - INFO - Tunnel remote VM is running at maki77065.miso.saucelabs.com
2014-06-09 13:28:16,183 - sauce_connect:371 - INFO - Succesfully connected to local server 127.0.0.1:61861 in 1ms
2014-06-09 13:28:16,186 - sauce_connect:642 - INFO - Starting connection to tunnel host...
2014-06-09 13:28:16,187 - sauce_connect:642 - INFO - Connecting to tunnel host maki77065.miso.saucelabs.com as abhijitpendyal
2014-06-09 13:28:16,361 - sauce_connect:642 - INFO - Forwarding Selenium with ephemeral port 61925
2014-06-09 13:28:16,367 - sauce_connect:642 - INFO - Selenium HTTP proxy listening on port 4445
2014-06-09 13:28:16,628 - sauce_connect:0 - INFO - Successful handshake with Sauce Connect server
2014-06-09 13:28:16,637 - sauce_connect:0 - INFO - Tunnel host version: 0.1.0, remote endpoint ID: c44570a109034c18ad2abf1446b96daf
2014-06-09 13:28:16,638 - sauce_connect:642 - INFO - Connected! You may start your tests.
2014-06-09 13:28:20,970 - sauce_connect:0 - INFO - GET http://en.wikipedia.org/ -> 301 (509ms)
2014-06-09 13:28:21,002 - sauce_connect:0 - INFO - GET http://en.wikipedia.org/wiki/Main_Page -> 200 (20ms)
2014-06-09 13:28:21,578 - sauce_connect:0 - INFO - GET http://bits.wikimedia.org/en.wikipedia.org/load.php?debug=false&lang=en&modules=startup&only=scripts&skin=vector&* -> 200 (551ms)
2014-06-09 13:28:21,601 - sauce_connect:0 - INFO - GET http://bits.wikimedia.org/en.wikipedia.org/load.php?debug=false&lang=en&modules=ext.gadget.DRN-wizard%2CReferenceTooltips%2Ccharinsert%2CrefToolbar%2Cteahouse%7Cext.uls.nojs%7Cext.visualEditor.viewPageTarget.noscript%7Cext.wikihiero%7Cmediawiki.legacy.commonPrint%2Cshared%7Cmediawiki.skinning.interface%7Cmediawiki.ui.button%7Cskins.vector.styles&only=styles&skin=vector&* -> 200 (577ms)
2014-06-09 13:28:21,799 - sauce_connect:0 - INFO - GET http://bits.wikimedia.org/en.wikipedia.org/load.php?debug=false&lang=en&modules=site&only=styles&skin=vector&* -> 200 (772ms)
2014-06-09 13:28:21,819 - sauce_connect:0 - INFO - GET http://en.wikipedia.org/wiki/Main_Page -> 200 (39ms)
2014-06-09 13:28:21,898 - sauce_connect:0 - INFO - GET http://bits.wikimedia.org/en.wikipedia.org/load.php?debug=false&lang=en&modules=jquery%2Cmediawiki%2CSpinner%7Cjquery.triggerQueueCallback%2CloadingSpinner%2CmwEmbedUtil%7Cmw.MwEmbedSupport&only=scripts&skin=vector&version=20140606T033439Z -> 200 (68ms)
2014-06-09 13:28:22,029 - sauce_connect:0 - INFO - GET http://bits.wikimedia.org/en.wikipedia.org/load.php?debug=false&lang=en&modules=site&only=scripts&skin=vector&* -> 200 (10ms)
2014-06-09 13:28:22,042 - sauce_connect:0 - INFO - GET http://bits.wikimedia.org/en.wikipedia.org/load.php?debug=false&lang=en&modules=ext.centralNotice.bannerController%7Cext.centralauth.centralautologin%7Cext.uls.init%2Cinterface%2Cpreferences%2Cwebfonts%7Cext.visualEditor.viewPageTarget.init%7Cjquery.accessKeyLabel%2CbyteLength%2Cclient%2Ccookie%2Cjson%2CmwExtension%2CtabIndex%2Cthrottle-debounce%2Ctipsy%7Cmediawiki.Title%2CUri%2Capi%2Ccldr%2CjqueryMsg%2Clanguage%2Cnotify%2Ctoc%2Cuser%2Cutil%7Cmediawiki.language.data%2Cinit%7Cmediawiki.legacy.ajax%2Cwikibits%7Cmediawiki.libs.pluralruleparser%7Cmediawiki.page.startup%7Cmmv.base%2Chead%7Cskins.vector.js&skin=vector&version=20140606T181708Z&* -> 200 (26ms)
2014-06-09 13:28:22,203 - sauce_connect:0 - INFO - GET http://login.wikimedia.org/wiki/Special:CentralAutoLogin/checkLoggedIn?type=script&wikiid=enwiki&proto=http -> 200 (90ms)
2014-06-09 13:28:22,204 - sauce_connect:0 - INFO - GET http://login.wikimedia.org/wiki/Special:CentralAutoLogin/checkLoggedIn?type=script&wikiid=enwiki&proto=http -> 200 (113ms)
2014-06-09 13:28:22,279 - sauce_connect:0 - INFO - GET http://bits.wikimedia.org/en.wikipedia.org/load.php?debug=false&lang=en&modules=ext.eventLogging%2CnavigationTiming%7Cext.eventLogging.subscriber%7Cext.gadget.DRN-wizard%2CReferenceTooltips%2Ccharinsert%2CrefToolbar%2Cteahouse%7Cext.gettingstarted.assignToken%2Cuser%7Cext.uls.eventlogger%2Cinterlanguage%7Cjquery.checkboxShiftClick%2Chashchange%2Chidpi%2ChighlightText%2CmakeCollapsible%2Cmw-jump%2Cplaceholder%2CscrollTo%2Csuggestions%7Cmediawiki.action.view.postEdit%7Cmediawiki.cookie%2Chidpi%2CsearchSuggest%7Cmediawiki.page.ready%7Cmmv.ActionLogger%2CDurationLogger%2CHtmlUtils%2Cbootstrap%2Clogger%7Cmmv.bootstrap.autostart%7Cmobile.desktop%7Cmw.MwEmbedSupport.style%7Coojs%7Cschema.NavigationTiming%2CUniversalLanguageSelector%2CUniversalLanguageSelector-tofu&skin=vector&version=20140609T050219Z&* -> 200 (21ms)
2014-06-09 13:28:22,372 - sauce_connect:0 - INFO - GET http://geoiplookup.wikimedia.org/ -> 200 (136ms)
2014-06-09 13:28:22,372 - sauce_connect:0 - INFO - GET http://geoiplookup.wikimedia.org/ -> 200 (54ms)
2014-06-09 13:28:22,382 - sauce_connect:0 - INFO - GET http://upload.wikimedia.org/wikipedia/commons/thumb/f/fa/Apple_logo_black.svg/102px-Apple_logo_black.svg.png -> 200 (499ms)
2014-06-09 13:28:22,405 - sauce_connect:0 - INFO - GET http://upload.wikimedia.org/wikipedia/en/thumb/7/7e/Busto_de_Juan_Carlos_I_de_Espa%C3%B1a_%282009%29.jpg/85px-Busto_de_Juan_Carlos_I_de_Espa%C3%B1a_%282009%29.jpg -> 200 (527ms)
2014-06-09 13:28:22,413 - sauce_connect:0 - INFO - GET http://upload.wikimedia.org/wikipedia/commons/thumb/0/00/President_Barack_Obama_greets_Jack_Hoffman%2C_April_29_2013_cropped.png/100px-President_Barack_Obama_greets_Jack_Hoffman%2C_April_29_2013_cropped.png -> 200 (535ms)
2014-06-09 13:28:22,417 - sauce_connect:0 - INFO - GET http://upload.wikimedia.org/wikipedia/en/9/9d/Commons-logo-31px.png -> 200 (10ms)
2014-06-09 13:28:22,427 - sauce_connect:0 - INFO - GET http://upload.wikimedia.org/wikipedia/commons/thumb/f/ff/Wikidata-logo.svg/47px-Wikidata-logo.svg.png -> 200 (8ms)
2014-06-09 13:28:22,434 - sauce_connect:0 - INFO - GET http://upload.wikimedia.org/wikipedia/en/6/60/Wikinews-logo-51px.png -> 200 (9ms)
2014-06-09 13:28:22,437 - sauce_connect:0 - INFO - GET http://upload.wikimedia.org/wikipedia/en/4/46/Wikiquote-logo-51px.png -> 200 (8ms)
2014-06-09 13:28:22,446 - sauce_connect:0 - INFO - GET http://upload.wikimedia.org/wikipedia/en/b/b6/Wikisource-logo-35px.png -> 200 (8ms)
2014-06-09 13:28:22,450 - sauce_connect:0 - INFO - GET http://upload.wikimedia.org/wikipedia/en/b/bf/Wikispecies-logo-35px.png -> 200 (7ms)
2014-06-09 13:28:22,456 - sauce_connect:0 - INFO - GET http://upload.wikimedia.org/wikipedia/en/e/e3/Wikiversity-logo-41px.png -> 200 (8ms)
2014-06-09 13:28:22,476 - sauce_connect:0 - INFO - GET http://upload.wikimedia.org/wikipedia/commons/thumb/d/dd/Wikivoyage-Logo-v3-icon.svg/35px-Wikivoyage-Logo-v3-icon.svg.png -> 200 (8ms)
2014-06-09 13:28:22,483 - sauce_connect:0 - INFO - GET http://bits.wikimedia.org/images/wikimedia-button.png -> 200 (10ms)
2014-06-09 13:28:22,484 - sauce_connect:0 - INFO - GET http://upload.wikimedia.org/wikipedia/commons/thumb/3/3d/Mediawiki-logo.png/35px-Mediawiki-logo.png -> 200 (13ms)
2014-06-09 13:28:22,483 - sauce_connect:0 - INFO - GET http://upload.wikimedia.org/wikipedia/en/f/f2/Wiktionary-logo-51px.png -> 200 (12ms)
2014-06-09 13:28:22,500 - sauce_connect:0 - INFO - GET http://bits.wikimedia.org/static-1.24wmf7/skins/common/images/poweredby_mediawiki_88x31.png -> 200 (9ms)
2014-06-09 13:28:22,509 - sauce_connect:0 - INFO - GET http://upload.wikimedia.org/wikipedia/en/b/bc/Wiki.png -> 200 (20ms)
2014-06-09 13:28:22,512 - sauce_connect:0 - INFO - GET http://upload.wikimedia.org/wikipedia/en/b/bc/Meta-logo-35px.png -> 200 (11ms)
2014-06-09 13:28:22,522 - sauce_connect:0 - INFO - GET http://upload.wikimedia.org/wikipedia/en/7/7f/Wikibooks-logo-35px.png -> 200 (12ms)
2014-06-09 13:28:22,572 - sauce_connect:0 - INFO - GET http://meta.wikimedia.org/wiki/Special:BannerRandom?uselang=en&sitename=Wikipedia&project=wikipedia&anonymous=true&bucket=1&country=XX&device=desktop&slot=6 -> 200 (119ms)
2014-06-09 13:28:22,575 - sauce_connect:0 - INFO - GET http://meta.wikimedia.org/wiki/Special:BannerRandom?uselang=en&sitename=Wikipedia&project=wikipedia&anonymous=true&bucket=1&country=XX&device=desktop&slot=2 -> 200 (15ms)
2014-06-09 13:28:22,617 - sauce_connect:0 - INFO - GET http://upload.wikimedia.org/wikipedia/commons/thumb/1/16/X10_Reactor_Face.jpg/350px-X10_Reactor_Face.jpg -> 200 (734ms)
2014-06-09 13:28:22,697 - sauce_connect:0 - INFO - GET http://meta.wikimedia.org/wiki/Special:RecordImpression?result=hide&reason=empty&country=XX&uselang=en&project=wikipedia&db=enwiki&bucket=1&anonymous=true&device=desktop -> 200 (8ms)
2014-06-09 13:28:22,729 - sauce_connect:0 - INFO - GET http://upload.wikimedia.org/wikipedia/en/thumb/7/7e/Busto_de_Juan_Carlos_I_de_Espa%C3%B1a_%282009%29.jpg/85px-Busto_de_Juan_Carlos_I_de_Espa%C3%B1a_%282009%29.jpg -> 200 (901ms)
2014-06-09 13:28:22,729 - sauce_connect:0 - INFO - GET http://upload.wikimedia.org/wikipedia/commons/thumb/f/fa/Apple_logo_black.svg/102px-Apple_logo_black.svg.png -> 200 (902ms)
2014-06-09 13:28:22,734 - sauce_connect:0 - INFO - GET http://upload.wikimedia.org/wikipedia/commons/thumb/d/d9/Thophasaccatabluecarpet.jpg/100px-Thophasaccatabluecarpet.jpg -> 200 (861ms)
2014-06-09 13:28:22,752 - sauce_connect:0 - INFO - GET http://upload.wikimedia.org/wikipedia/commons/thumb/d/d9/Thophasaccatabluecarpet.jpg/100px-Thophasaccatabluecarpet.jpg -> 200 (931ms)
2014-06-09 13:28:22,759 - sauce_connect:0 - INFO - GET http://upload.wikimedia.org/wikipedia/en/9/9d/Commons-logo-31px.png -> 200 (21ms)
2014-06-09 13:28:22,765 - sauce_connect:0 - INFO - GET http://upload.wikimedia.org/wikipedia/commons/thumb/f/ff/Wikidata-logo.svg/47px-Wikidata-logo.svg.png -> 200 (11ms)
2014-06-09 13:28:22,776 - sauce_connect:0 - INFO - GET http://upload.wikimedia.org/wikipedia/en/6/60/Wikinews-logo-51px.png -> 200 (7ms)
2014-06-09 13:28:22,783 - sauce_connect:0 - INFO - GET http://upload.wikimedia.org/wikipedia/en/4/46/Wikiquote-logo-51px.png -> 200 (9ms)
2014-06-09 13:28:22,798 - sauce_connect:0 - INFO - GET http://upload.wikimedia.org/wikipedia/en/b/b6/Wikisource-logo-35px.png -> 200 (8ms)
2014-06-09 13:28:22,802 - sauce_connect:0 - INFO - GET http://upload.wikimedia.org/wikipedia/en/b/bf/Wikispecies-logo-35px.png -> 200 (8ms)
2014-06-09 13:28:22,806 - sauce_connect:0 - INFO - GET http://upload.wikimedia.org/wikipedia/commons/thumb/3/3d/Mediawiki-logo.png/35px-Mediawiki-logo.png -> 200 (8ms)
2014-06-09 13:28:22,825 - sauce_connect:0 - INFO - GET http://upload.wikimedia.org/wikipedia/en/e/e3/Wikiversity-logo-41px.png -> 200 (7ms)
2014-06-09 13:28:22,828 - sauce_connect:0 - INFO - GET http://upload.wikimedia.org/wikipedia/commons/thumb/d/dd/Wikivoyage-Logo-v3-icon.svg/35px-Wikivoyage-Logo-v3-icon.svg.png -> 200 (8ms)
2014-06-09 13:28:22,834 - sauce_connect:0 - INFO - GET http://upload.wikimedia.org/wikipedia/en/f/f2/Wiktionary-logo-51px.png -> 200 (8ms)
2014-06-09 13:28:22,835 - sauce_connect:0 - INFO - GET http://bits.wikimedia.org/images/wikimedia-button.png -> 200 (8ms)
2014-06-09 13:28:22,848 - sauce_connect:0 - INFO - GET http://meta.wikimedia.org/wiki/Special:RecordImpression?result=hide&reason=empty&country=XX&uselang=en&project=wikipedia&db=enwiki&bucket=1&anonymous=true&device=desktop -> 200 (9ms)
2014-06-09 13:28:22,851 - sauce_connect:0 - INFO - GET http://upload.wikimedia.org/wikipedia/en/b/bc/Meta-logo-35px.png -> 200 (8ms)
2014-06-09 13:28:22,855 - sauce_connect:0 - INFO - GET http://upload.wikimedia.org/wikipedia/en/7/7f/Wikibooks-logo-35px.png -> 200 (10ms)
2014-06-09 13:28:22,857 - sauce_connect:0 - INFO - GET http://upload.wikimedia.org/wikipedia/en/b/bc/Wiki.png -> 200 (23ms)
2014-06-09 13:28:22,927 - sauce_connect:0 - INFO - GET http://upload.wikimedia.org/wikipedia/commons/thumb/c/c6/JosephNWelch.jpg/75px-JosephNWelch.jpg -> 200 (1102ms)
2014-06-09 13:28:22,928 - sauce_connect:0 - INFO - GET http://upload.wikimedia.org/wikipedia/commons/thumb/c/c6/JosephNWelch.jpg/75px-JosephNWelch.jpg -> 200 (1046ms)
2014-06-09 13:28:22,944 - sauce_connect:0 - INFO - GET http://upload.wikimedia.org/wikipedia/commons/thumb/0/00/President_Barack_Obama_greets_Jack_Hoffman%2C_April_29_2013_cropped.png/100px-President_Barack_Obama_greets_Jack_Hoffman%2C_April_29_2013_cropped.png -> 200 (1117ms)
2014-06-09 13:28:22,960 - sauce_connect:0 - INFO - GET http://upload.wikimedia.org/wikipedia/commons/thumb/1/16/X10_Reactor_Face.jpg/350px-X10_Reactor_Face.jpg -> 200 (1133ms)
2014-06-09 13:28:22,961 - sauce_connect:0 - INFO - GET http://en.wikipedia.org/w/opensearch_desc.php -> 200 (8ms)
2014-06-09 13:28:22,973 - sauce_connect:0 - INFO - GET http://bits.wikimedia.org/favicon/wikipedia.ico -> 200 (16ms)
2014-06-09 13:28:23,012 - sauce_connect:0 - INFO - GET http://en.wikipedia.org/w/opensearch_desc.php -> 200 (8ms)
2014-06-09 13:28:23,023 - sauce_connect:0 - INFO - GET http://bits.wikimedia.org/favicon/wikipedia.ico -> 200 (14ms)
2014-06-09 13:28:23,845 - sauce_connect:0 - INFO - GET http://bits.wikimedia.org/en.wikipedia.org/load.php?debug=false&lang=en&modules=ext.uls.i18n%2Cime%2Clanguagenames%2Cmediawiki%2Cmessages%7Cjquery.i18n%2Cime%2Culs%7Cjquery.uls.data%2Cgrid&skin=vector&version=20140606T181333Z&* -> 200 (43ms)
2014-06-09 13:28:24,157 - sauce_connect:0 - INFO - GET http://en.wikipedia.org/w/api.php?action=opensearch&format=json&search=Ramen&namespace=0&suggest= -> 200 (173ms)
2014-06-09 13:28:24,315 - sauce_connect:0 - INFO - GET http://en.wikipedia.org/w/api.php?action=opensearch&format=json&search=Miso&namespace=0&suggest= -> 200 (130ms)
2014-06-09 13:28:24,410 - sauce_connect:0 - INFO - GET http://en.wikipedia.org/w/index.php?search=Ramen&title=Special%3ASearch&go=Go -> 302 (184ms)
2014-06-09 13:28:24,441 - sauce_connect:0 - INFO - GET http://en.wikipedia.org/wiki/Ramen -> 200 (22ms)
2014-06-09 13:28:24,466 - sauce_connect:0 - INFO - GET http://bits.wikimedia.org/en.wikipedia.org/load.php?debug=false&lang=en&modules=ext.gadget.DRN-wizard%2CReferenceTooltips%2Ccharinsert%2CrefToolbar%2Cteahouse%7Cext.rtlcite%2Cwikihiero%7Cext.uls.nojs%7Cext.visualEditor.viewPageTarget.noscript%7Cmediawiki.legacy.commonPrint%2Cshared%7Cmediawiki.skinning.interface%7Cmediawiki.ui.button%7Cskins.vector.styles%7Cwikibase.client.init&only=styles&skin=vector&* -> 200 (15ms)
2014-06-09 13:28:24,532 - sauce_connect:0 - INFO - GET http://upload.wikimedia.org/wikipedia/en/thumb/9/99/Question_book-new.svg/50px-Question_book-new.svg.png -> 200 (8ms)
2014-06-09 13:28:24,539 - sauce_connect:0 - INFO - GET http://upload.wikimedia.org/wikipedia/en/thumb/4/4a/Commons-logo.svg/12px-Commons-logo.svg.png -> 200 (9ms)
2014-06-09 13:28:24,539 - sauce_connect:0 - INFO - GET http://bits.wikimedia.org/static-1.24wmf7/skins/common/images/magnify-clip.png -> 200 (10ms)
2014-06-09 13:28:24,542 - sauce_connect:0 - INFO - GET http://upload.wikimedia.org/wikipedia/commons/thumb/d/df/Wikibooks-logo-en-noslogan.svg/16px-Wikibooks-logo-en-noslogan.svg.png -> 200 (10ms)
2014-06-09 13:28:24,545 - sauce_connect:0 - INFO - GET http://upload.wikimedia.org/wikipedia/commons/thumb/a/a8/Fresh_ramen_noodle_001.jpg/220px-Fresh_ramen_noodle_001.jpg -> 200 (16ms)
2014-06-09 13:28:24,549 - sauce_connect:0 - INFO - GET http://upload.wikimedia.org/wikipedia/commons/thumb/9/95/Tonkotsu_ramen.JPG/220px-Tonkotsu_ramen.JPG -> 200 (19ms)
2014-06-09 13:28:24,549 - sauce_connect:0 - INFO - GET http://upload.wikimedia.org/wikipedia/commons/thumb/f/fc/Soy_ramen.jpg/250px-Soy_ramen.jpg -> 200 (20ms)
2014-06-09 13:28:24,563 - sauce_connect:0 - INFO - GET http://upload.wikimedia.org/wikipedia/commons/thumb/a/a1/Japanese_Salt_flavor_Sapporo_Ramen.JPG/220px-Japanese_Salt_flavor_Sapporo_Ramen.JPG -> 200 (12ms)
2014-06-09 13:28:24,572 - sauce_connect:0 - INFO - GET http://upload.wikimedia.org/wikipedia/commons/thumb/2/24/Misora-men2222222.jpg/220px-Misora-men2222222.jpg -> 200 (18ms)
2014-06-09 13:28:24,573 - sauce_connect:0 - INFO - GET http://upload.wikimedia.org/wikipedia/commons/thumb/6/61/Tokyoramen.jpg/150px-Tokyoramen.jpg -> 200 (14ms)
2014-06-09 13:28:24,589 - sauce_connect:0 - INFO - GET http://upload.wikimedia.org/wikipedia/commons/thumb/d/d2/Kitakatara-men.jpg/150px-Kitakatara-men.jpg -> 200 (11ms)
2014-06-09 13:28:24,595 - sauce_connect:0 - INFO - GET http://upload.wikimedia.org/wikipedia/commons/thumb/6/65/Hakatara-men.jpg/150px-Hakatara-men.jpg -> 200 (10ms)
2014-06-09 13:28:24,608 - sauce_connect:0 - INFO - GET http://upload.wikimedia.org/wikipedia/commons/thumb/7/76/Aburasoba.jpg/135px-Aburasoba.jpg -> 200 (16ms)
2014-06-09 13:28:24,611 - sauce_connect:0 - INFO - GET http://upload.wikimedia.org/wikipedia/commons/thumb/6/67/Takayama_ramen.jpg/150px-Takayama_ramen.jpg -> 200 (11ms)
2014-06-09 13:28:24,614 - sauce_connect:0 - INFO - GET http://upload.wikimedia.org/wikipedia/commons/thumb/1/10/Hiyashira-men.jpg/150px-Hiyashira-men.jpg -> 200 (9ms)
2014-06-09 13:28:24,622 - sauce_connect:0 - INFO - GET http://upload.wikimedia.org/wikipedia/commons/thumb/3/38/Butter_Corn_Ramen.JPG/150px-Butter_Corn_Ramen.JPG -> 200 (9ms)
2014-06-09 13:28:24,635 - sauce_connect:0 - INFO - GET http://upload.wikimedia.org/wikipedia/commons/thumb/6/62/Zaru_ramen_Paris.jpg/150px-Zaru_ramen_Paris.jpg -> 200 (12ms)
2014-06-09 13:28:24,648 - sauce_connect:0 - INFO - GET http://upload.wikimedia.org/wikipedia/commons/thumb/d/d6/Foodlogo2.svg/32px-Foodlogo2.svg.png -> 200 (11ms)
2014-06-09 13:28:24,667 - sauce_connect:0 - INFO - GET http://download.mozilla.org/?product=firefox-27.0.1-partial-27.0&os=win&lang=en-US -> 302 (100ms)
2014-06-09 13:28:24,667 - sauce_connect:0 - INFO - GET http://upload.wikimedia.org/wikipedia/commons/thumb/2/25/Sapporo_miso_ramen.jpg/150px-Sapporo_miso_ramen.jpg -> 200 (15ms)
2014-06-09 13:28:24,673 - sauce_connect:0 - INFO - GET http://upload.wikimedia.org/wikipedia/commons/thumb/6/68/Ramen_Noodles_by_David_Shankbone.jpg/220px-Ramen_Noodles_by_David_Shankbone.jpg -> 200 (43ms)
2014-06-09 13:28:24,684 - sauce_connect:0 - INFO - GET http://upload.wikimedia.org/wikipedia/commons/thumb/b/b3/High_school_students_eating_Ramen.JPG/220px-High_school_students_eating_Ramen.JPG -> 200 (15ms)
2014-06-09 13:28:24,684 - sauce_connect:0 - INFO - GET http://upload.wikimedia.org/wikipedia/commons/thumb/5/58/YakyudoriRamen.jpeg/220px-YakyudoriRamen.jpeg -> 200 (18ms)
2014-06-09 13:28:24,688 - sauce_connect:0 - INFO - GET http://en.wikipedia.org/w/index.php?search=Miso&title=Special%3ASearch&go=Go -> 302 (172ms)
2014-06-09 13:28:24,703 - sauce_connect:0 - INFO - GET http://upload.wikimedia.org/wikipedia/commons/thumb/f/f8/Wiktionary-logo-en.svg/23px-Wiktionary-logo-en.svg.png -> 200 (10ms)
2014-06-09 13:28:24,706 - sauce_connect:0 - INFO - GET http://bits.wikimedia.org/images/wikimedia-button.png -> 200 (9ms)
2014-06-09 13:28:24,717 - sauce_connect:0 - INFO - GET http://upload.wikimedia.org/wikipedia/commons/thumb/f/ff/Wikidata-logo.svg/25px-Wikidata-logo.svg.png -> 200 (10ms)
2014-06-09 13:28:24,736 - sauce_connect:0 - INFO - GET http://upload.wikimedia.org/wikipedia/en/b/bc/Wiki.png -> 200 (15ms)
2014-06-09 13:28:24,809 - sauce_connect:0 - INFO - GET http://upload.wikimedia.org/wikipedia/commons/thumb/b/bd/Tsukemen.jpg/150px-Tsukemen.jpg -> 200 (224ms)
2014-06-09 13:28:24,818 - sauce_connect:0 - INFO - GET http://upload.wikimedia.org/wikipedia/commons/d/d4/Monobook-bullet-star.png -> 200 (9ms)
2014-06-09 13:28:24,832 - sauce_connect:0 - INFO - GET http://bits.wikimedia.org/en.wikipedia.org/load.php?debug=false&lang=en&modules=ext.cite%2CeventLogging%2CnavigationTiming%7Cext.eventLogging.subscriber%7Cext.gadget.DRN-wizard%2CReferenceTooltips%2Ccharinsert%2CrefToolbar%2Cteahouse%7Cext.gettingstarted.assignToken%2Cuser%7Cext.uls.eventlogger%2Cinterlanguage%7Cjquery.checkboxShiftClick%2Chashchange%2Chidpi%2ChighlightText%2CmakeCollapsible%2Cmw-jump%2Cplaceholder%2CscrollTo%2Csuggestions%7Cmediawiki.action.view.postEdit%7Cmediawiki.cookie%2Chidpi%2CsearchSuggest%7Cmediawiki.page.ready%7Cmmv.ActionLogger%2CDurationLogger%2CHtmlUtils%2Cbootstrap%2Clogger%7Cmmv.bootstrap.autostart%7Cmobile.desktop%7Cmw.MwEmbedSupport.style%7Coojs%7Cschema.NavigationTiming%2CUniversalLanguageSelector%2CUniversalLanguageSelector-tofu&skin=vector&version=20140609T050219Z&* -> 200 (34ms)
2014-06-09 13:28:24,844 - sauce_connect:0 - INFO - GET http://meta.wikimedia.org/wiki/Special:BannerRandom?uselang=en&sitename=Wikipedia&project=wikipedia&anonymous=true&bucket=1&country=XX&device=desktop&slot=5 -> 200 (11ms)
2014-06-09 13:28:24,844 - sauce_connect:0 - INFO - GET http://upload.wikimedia.org/wikipedia/commons/thumb/d/d6/Foodlogo2.svg/32px-Foodlogo2.svg.png -> 200 (10ms)
2014-06-09 13:28:24,854 - sauce_connect:0 - INFO - GET http://upload.wikimedia.org/wikipedia/commons/thumb/e/ed/Miso_paste_by_wilbanks_in_Nishiki_Ichiba%2C_Kyoto.jpg/200px-Miso_paste_by_wilbanks_in_Nishiki_Ichiba%2C_Kyoto.jpg -> 200 (20ms)
2014-06-09 13:28:24,861 - sauce_connect:0 - INFO - GET http://upload.wikimedia.org/wikipedia/commons/thumb/1/1b/CodazziMisoKioke1.jpg/200px-CodazziMisoKioke1.jpg -> 200 (28ms)
2014-06-09 13:28:24,862 - sauce_connect:0 - INFO - GET http://upload.wikimedia.org/wikipedia/commons/thumb/7/72/Miso_sold_in_Tokyo_foodhall.jpg/200px-Miso_sold_in_Tokyo_foodhall.jpg -> 200 (29ms)
2014-06-09 13:28:24,944 - sauce_connect:0 - INFO - GET http://en.wikipedia.org/wiki/Miso -> 200 (231ms)
2014-06-09 13:28:25,000 - sauce_connect:0 - INFO - GET http://upload.wikimedia.org/wikipedia/en/thumb/4/4a/Commons-logo.svg/30px-Commons-logo.svg.png -> 200 (23ms)
2014-06-09 13:28:25,010 - sauce_connect:0 - INFO - GET http://upload.wikimedia.org/wikipedia/commons/thumb/8/82/Soybean.USDA.jpg/80px-Soybean.USDA.jpg -> 200 (10ms)
2014-06-09 13:28:25,012 - sauce_connect:0 - INFO - GET http://bits.wikimedia.org/images/wikimedia-button.png -> 200 (8ms)
2014-06-09 13:28:25,030 - sauce_connect:0 - INFO - GET http://upload.wikimedia.org/wikipedia/en/b/bc/Wiki.png -> 200 (30ms)
2014-06-09 13:28:25,040 - sauce_connect:0 - INFO - GET http://meta.wikimedia.org/wiki/Special:RecordImpression?result=hide&reason=empty&country=XX&uselang=en&project=wikipedia&db=enwiki&bucket=1&anonymous=true&device=desktop -> 200 (8ms)
2014-06-09 13:28:25,085 - sauce_connect:0 - INFO - GET http://meta.wikimedia.org/wiki/Special:BannerRandom?uselang=en&sitename=Wikipedia&project=wikipedia&anonymous=true&bucket=1&country=XX&device=desktop&slot=2 -> 200 (8ms)
2014-06-09 13:28:25,290 - sauce_connect:0 - INFO - GET http://meta.wikimedia.org/wiki/Special:RecordImpression?result=hide&reason=empty&country=XX&uselang=en&project=wikipedia&db=enwiki&bucket=1&anonymous=true&device=desktop -> 200 (7ms)
2014-06-09 13:28:25,967 - sauce_connect:0 - INFO - GET http://download.cdn.mozilla.net/pub/firefox/releases/27.0.1/update/win32/en-US/firefox-27.0-27.0.1.partial.mar -> 206 (502ms)
2014-06-09 13:28:26,201 - sauce_connect:0 - INFO - GET http://en.wikipedia.org/ -> 301 (8ms)
2014-06-09 13:28:26,315 - sauce_connect:0 - INFO - GET http://en.wikipedia.org/wiki/Main_Page -> 200 (29ms)
2014-06-09 13:28:26,378 - sauce_connect:0 - INFO - GET http://bits.wikimedia.org/en.wikipedia.org/load.php?debug=false&lang=en&modules=ext.gadget.DRN-wizard%2CReferenceTooltips%2Ccharinsert%2CrefToolbar%2Cteahouse%7Cext.uls.nojs%7Cext.visualEditor.viewPageTarget.noscript%7Cext.wikihiero%7Cmediawiki.legacy.commonPrint%2Cshared%7Cmediawiki.skinning.interface%7Cmediawiki.ui.button%7Cskins.vector.styles&only=styles&skin=vector&* -> 200 (20ms)
2014-06-09 13:28:26,381 - sauce_connect:0 - INFO - GET http://bits.wikimedia.org/en.wikipedia.org/load.php?debug=false&lang=en&modules=site&only=styles&skin=vector&* -> 200 (9ms)
2014-06-09 13:28:26,388 - sauce_connect:0 - INFO - GET http://bits.wikimedia.org/en.wikipedia.org/load.php?debug=false&lang=en&modules=startup&only=scripts&skin=vector&* -> 200 (15ms)
2014-06-09 13:28:26,401 - sauce_connect:0 - INFO - GET http://bits.wikimedia.org/favicon/wikipedia.ico -> 200 (14ms)
2014-06-09 13:28:26,450 - sauce_connect:0 - INFO - GET http://bits.wikimedia.org/favicon/wikipedia.ico -> 200 (15ms)
2014-06-09 13:28:26,461 - sauce_connect:0 - INFO - GET http://upload.wikimedia.org/wikipedia/commons/thumb/c/c6/JosephNWelch.jpg/75px-JosephNWelch.jpg -> 200 (14ms)
2014-06-09 13:28:26,461 - sauce_connect:0 - INFO - GET http://upload.wikimedia.org/wikipedia/commons/thumb/3/3d/Mediawiki-logo.png/35px-Mediawiki-logo.png -> 200 (14ms)
2014-06-09 13:28:26,474 - sauce_connect:0 - INFO - GET http://upload.wikimedia.org/wikipedia/en/4/46/Wikiquote-logo-51px.png -> 200 (11ms)
2014-06-09 13:28:26,476 - sauce_connect:0 - INFO - GET http://upload.wikimedia.org/wikipedia/commons/thumb/d/d9/Thophasaccatabluecarpet.jpg/100px-Thophasaccatabluecarpet.jpg -> 200 (26ms)
2014-06-09 13:28:26,477 - sauce_connect:0 - INFO - GET http://upload.wikimedia.org/wikipedia/en/6/60/Wikinews-logo-51px.png -> 200 (13ms)
2014-06-09 13:28:26,477 - sauce_connect:0 - INFO - GET http://upload.wikimedia.org/wikipedia/commons/thumb/f/ff/Wikidata-logo.svg/47px-Wikidata-logo.svg.png -> 200 (23ms)
2014-06-09 13:28:26,477 - sauce_connect:0 - INFO - GET http://upload.wikimedia.org/wikipedia/en/7/7f/Wikibooks-logo-35px.png -> 200 (23ms)
2014-06-09 13:28:26,479 - sauce_connect:0 - INFO - GET http://upload.wikimedia.org/wikipedia/commons/thumb/0/00/President_Barack_Obama_greets_Jack_Hoffman%2C_April_29_2013_cropped.png/100px-President_Barack_Obama_greets_Jack_Hoffman%2C_April_29_2013_cropped.png -> 200 (28ms)
2014-06-09 13:28:26,482 - sauce_connect:0 - INFO - GET http://bits.wikimedia.org/images/wikimedia-button.png -> 200 (10ms)
2014-06-09 13:28:26,486 - sauce_connect:0 - INFO - GET http://upload.wikimedia.org/wikipedia/en/e/e3/Wikiversity-logo-41px.png -> 200 (21ms)
2014-06-09 13:28:26,490 - sauce_connect:0 - INFO - GET http://upload.wikimedia.org/wikipedia/en/b/b6/Wikisource-logo-35px.png -> 200 (26ms)
2014-06-09 13:28:26,490 - sauce_connect:0 - INFO - GET http://upload.wikimedia.org/wikipedia/en/b/bf/Wikispecies-logo-35px.png -> 200 (25ms)
2014-06-09 13:28:26,490 - sauce_connect:0 - INFO - GET http://bits.wikimedia.org/en.wikipedia.org/load.php?debug=false&lang=en&modules=site&only=scripts&skin=vector&* -> 200 (14ms)
2014-06-09 13:28:26,493 - sauce_connect:0 - INFO - GET http://upload.wikimedia.org/wikipedia/commons/thumb/d/dd/Wikivoyage-Logo-v3-icon.svg/35px-Wikivoyage-Logo-v3-icon.svg.png -> 200 (26ms)
2014-06-09 13:28:26,490 - sauce_connect:0 - INFO - GET http://upload.wikimedia.org/wikipedia/en/f/f2/Wiktionary-logo-51px.png -> 200 (23ms)
2014-06-09 13:28:26,526 - sauce_connect:0 - INFO - GET http://bits.wikimedia.org/en.wikipedia.org/load.php?debug=false&lang=en&modules=jquery%2Cmediawiki%2CSpinner%7Cjquery.triggerQueueCallback%2CloadingSpinner%2CmwEmbedUtil%7Cmw.MwEmbedSupport&only=scripts&skin=vector&version=20140606T033439Z -> 200 (55ms)
2014-06-09 13:28:26,644 - sauce_connect:0 - INFO - GET http://bits.wikimedia.org/en.wikipedia.org/load.php?debug=false&lang=en&modules=ext.centralNotice.bannerController%7Cext.centralauth.centralautologin%7Cext.uls.init%2Cinterface%2Cpreferences%2Cwebfonts%7Cext.visualEditor.viewPageTarget.init%7Cjquery.accessKeyLabel%2CbyteLength%2Cclient%2Ccookie%2Cjson%2CmwExtension%2CtabIndex%2Cthrottle-debounce%2Ctipsy%7Cmediawiki.Title%2CUri%2Capi%2Ccldr%2CjqueryMsg%2Clanguage%2Cnotify%2Ctoc%2Cuser%2Cutil%7Cmediawiki.language.data%2Cinit%7Cmediawiki.legacy.ajax%2Cwikibits%7Cmediawiki.libs.pluralruleparser%7Cmediawiki.page.startup%7Cmmv.base%2Chead%7Cskins.vector.js&skin=vector&version=20140606T181708Z&* -> 200 (25ms)
2014-06-09 13:28:26,657 - sauce_connect:0 - INFO - GET http://upload.wikimedia.org/wikipedia/commons/thumb/f/fa/Apple_logo_black.svg/102px-Apple_logo_black.svg.png -> 200 (209ms)
2014-06-09 13:28:26,703 - sauce_connect:0 - INFO - GET http://upload.wikimedia.org/wikipedia/en/thumb/7/7e/Busto_de_Juan_Carlos_I_de_Espa%C3%B1a_%282009%29.jpg/85px-Busto_de_Juan_Carlos_I_de_Espa%C3%B1a_%282009%29.jpg -> 200 (254ms)
2014-06-09 13:28:26,734 - sauce_connect:0 - INFO - GET http://upload.wikimedia.org/wikipedia/commons/thumb/1/16/X10_Reactor_Face.jpg/350px-X10_Reactor_Face.jpg -> 200 (286ms)
2014-06-09 13:28:26,861 - sauce_connect:0 - INFO - GET http://upload.wikimedia.org/wikipedia/en/b/bc/Meta-logo-35px.png -> 200 (411ms)
2014-06-09 13:28:26,861 - sauce_connect:0 - INFO - GET http://upload.wikimedia.org/wikipedia/en/9/9d/Commons-logo-31px.png -> 200 (412ms)
2014-06-09 13:28:26,878 - sauce_connect:0 - INFO - GET http://download.cdn.mozilla.net/pub/firefox/releases/27.0.1/update/win32/en-US/firefox-27.0-27.0.1.partial.mar -> 206 (238ms)
2014-06-09 13:28:27,178 - sauce_connect:0 - INFO - GET http://login.wikimedia.org/wiki/Special:CentralAutoLogin/checkLoggedIn?type=script&wikiid=enwiki&proto=http -> 200 (8ms)
2014-06-09 13:28:27,184 - sauce_connect:0 - INFO - GET http://geoiplookup.wikimedia.org/ -> 200 (9ms)
2014-06-09 13:28:27,237 - sauce_connect:0 - INFO - GET http://meta.wikimedia.org/wiki/Special:BannerRandom?uselang=en&sitename=Wikipedia&project=wikipedia&anonymous=true&bucket=1&country=XX&device=desktop&slot=15 -> 200 (9ms)
2014-06-09 13:28:27,247 - sauce_connect:0 - INFO - GET http://bits.wikimedia.org/en.wikipedia.org/load.php?debug=false&lang=en&modules=ext.eventLogging%2CnavigationTiming%7Cext.eventLogging.subscriber%7Cext.gadget.DRN-wizard%2CReferenceTooltips%2Ccharinsert%2CrefToolbar%2Cteahouse%7Cext.gettingstarted.assignToken%2Cuser%7Cext.uls.eventlogger%2Cinterlanguage%7Cjquery.checkboxShiftClick%2Chashchange%2Chidpi%2ChighlightText%2CmakeCollapsible%2Cmw-jump%2Cplaceholder%2CscrollTo%2Csuggestions%7Cmediawiki.action.view.postEdit%7Cmediawiki.cookie%2Chidpi%2CsearchSuggest%7Cmediawiki.page.ready%7Cmmv.ActionLogger%2CDurationLogger%2CHtmlUtils%2Cbootstrap%2Clogger%7Cmmv.bootstrap.autostart%7Cmobile.desktop%7Cmw.MwEmbedSupport.style%7Coojs%7Cschema.NavigationTiming%2CUniversalLanguageSelector%2CUniversalLanguageSelector-tofu&skin=vector&version=20140609T050219Z&* -> 200 (34ms)
2014-06-09 13:28:27,260 - sauce_connect:0 - INFO - GET http://meta.wikimedia.org/wiki/Special:RecordImpression?result=hide&reason=empty&country=XX&uselang=en&project=wikipedia&db=enwiki&bucket=1&anonymous=true&device=desktop -> 200 (8ms)
2014-06-09 13:28:27,382 - sauce_connect:0 - INFO - GET http://en.wikipedia.org/wiki/Main_Page -> 200 (16ms)
2014-06-09 13:28:27,398 - sauce_connect:0 - INFO - GET http://upload.wikimedia.org/wikipedia/en/b/bc/Wiki.png -> 200 (224ms)
2014-06-09 13:28:27,423 - sauce_connect:0 - INFO - GET http://upload.wikimedia.org/wikipedia/en/thumb/7/7e/Busto_de_Juan_Carlos_I_de_Espa%C3%B1a_%282009%29.jpg/85px-Busto_de_Juan_Carlos_I_de_Espa%C3%B1a_%282009%29.jpg -> 200 (10ms)
2014-06-09 13:28:27,427 - sauce_connect:0 - INFO - GET http://upload.wikimedia.org/wikipedia/commons/thumb/c/c6/JosephNWelch.jpg/75px-JosephNWelch.jpg -> 200 (11ms)
2014-06-09 13:28:27,427 - sauce_connect:0 - INFO - GET http://upload.wikimedia.org/wikipedia/en/b/bc/Meta-logo-35px.png -> 200 (11ms)
2014-06-09 13:28:27,428 - sauce_connect:0 - INFO - GET http://upload.wikimedia.org/wikipedia/commons/thumb/0/00/President_Barack_Obama_greets_Jack_Hoffman%2C_April_29_2013_cropped.png/100px-President_Barack_Obama_greets_Jack_Hoffman%2C_April_29_2013_cropped.png -> 200 (22ms)
2014-06-09 13:28:27,437 - sauce_connect:0 - INFO - GET http://upload.wikimedia.org/wikipedia/commons/thumb/f/ff/Wikidata-logo.svg/47px-Wikidata-logo.svg.png -> 200 (20ms)
2014-06-09 13:28:27,438 - sauce_connect:0 - INFO - GET http://upload.wikimedia.org/wikipedia/commons/thumb/f/fa/Apple_logo_black.svg/102px-Apple_logo_black.svg.png -> 200 (22ms)
2014-06-09 13:28:27,438 - sauce_connect:0 - INFO - GET http://upload.wikimedia.org/wikipedia/en/9/9d/Commons-logo-31px.png -> 200 (23ms)
2014-06-09 13:28:27,440 - sauce_connect:0 - INFO - GET http://upload.wikimedia.org/wikipedia/en/7/7f/Wikibooks-logo-35px.png -> 200 (24ms)
2014-06-09 13:28:27,438 - sauce_connect:0 - INFO - GET http://upload.wikimedia.org/wikipedia/en/6/60/Wikinews-logo-51px.png -> 200 (22ms)
2014-06-09 13:28:27,443 - sauce_connect:0 - INFO - GET http://upload.wikimedia.org/wikipedia/commons/thumb/3/3d/Mediawiki-logo.png/35px-Mediawiki-logo.png -> 200 (25ms)
2014-06-09 13:28:27,447 - sauce_connect:0 - INFO - GET http://upload.wikimedia.org/wikipedia/commons/thumb/d/d9/Thophasaccatabluecarpet.jpg/100px-Thophasaccatabluecarpet.jpg -> 200 (39ms)
2014-06-09 13:28:27,464 - sauce_connect:0 - INFO - GET http://upload.wikimedia.org/wikipedia/commons/thumb/1/16/X10_Reactor_Face.jpg/350px-X10_Reactor_Face.jpg -> 200 (49ms)
2014-06-09 13:28:27,464 - sauce_connect:0 - INFO - GET http://upload.wikimedia.org/wikipedia/en/4/46/Wikiquote-logo-51px.png -> 200 (11ms)
2014-06-09 13:28:27,467 - sauce_connect:0 - INFO - GET http://upload.wikimedia.org/wikipedia/en/b/b6/Wikisource-logo-35px.png -> 200 (10ms)
2014-06-09 13:28:27,467 - sauce_connect:0 - INFO - GET http://upload.wikimedia.org/wikipedia/en/e/e3/Wikiversity-logo-41px.png -> 200 (10ms)
2014-06-09 13:28:27,467 - sauce_connect:0 - INFO - GET http://upload.wikimedia.org/wikipedia/commons/thumb/d/dd/Wikivoyage-Logo-v3-icon.svg/35px-Wikivoyage-Logo-v3-icon.svg.png -> 200 (8ms)
2014-06-09 13:28:27,469 - sauce_connect:0 - INFO - GET http://upload.wikimedia.org/wikipedia/en/b/bf/Wikispecies-logo-35px.png -> 200 (10ms)
2014-06-09 13:28:27,474 - sauce_connect:0 - INFO - GET http://bits.wikimedia.org/images/wikimedia-button.png -> 200 (8ms)
2014-06-09 13:28:27,477 - sauce_connect:0 - INFO - GET http://en.wikipedia.org/wiki/Main_Page -> 200 (18ms)
2014-06-09 13:28:27,477 - sauce_connect:0 - INFO - GET http://upload.wikimedia.org/wikipedia/en/f/f2/Wiktionary-logo-51px.png -> 200 (10ms)
2014-06-09 13:28:27,529 - sauce_connect:0 - INFO - GET http://upload.wikimedia.org/wikipedia/en/thumb/7/7e/Busto_de_Juan_Carlos_I_de_Espa%C3%B1a_%282009%29.jpg/85px-Busto_de_Juan_Carlos_I_de_Espa%C3%B1a_%282009%29.jpg -> 200 (9ms)
2014-06-09 13:28:27,532 - sauce_connect:0 - INFO - GET http://upload.wikimedia.org/wikipedia/commons/thumb/d/d9/Thophasaccatabluecarpet.jpg/100px-Thophasaccatabluecarpet.jpg -> 200 (16ms)
2014-06-09 13:28:27,538 - sauce_connect:0 - INFO - GET http://upload.wikimedia.org/wikipedia/commons/thumb/3/3d/Mediawiki-logo.png/35px-Mediawiki-logo.png -> 200 (14ms)
2014-06-09 13:28:27,539 - sauce_connect:0 - INFO - GET http://upload.wikimedia.org/wikipedia/en/7/7f/Wikibooks-logo-35px.png -> 200 (15ms)
2014-06-09 13:28:27,536 - sauce_connect:0 - INFO - GET http://upload.wikimedia.org/wikipedia/commons/thumb/f/fa/Apple_logo_black.svg/102px-Apple_logo_black.svg.png -> 200 (12ms)
2014-06-09 13:28:27,545 - sauce_connect:0 - INFO - GET http://upload.wikimedia.org/wikipedia/commons/thumb/0/00/President_Barack_Obama_greets_Jack_Hoffman%2C_April_29_2013_cropped.png/100px-President_Barack_Obama_greets_Jack_Hoffman%2C_April_29_2013_cropped.png -> 200 (28ms)
2014-06-09 13:28:27,549 - sauce_connect:0 - INFO - GET http://upload.wikimedia.org/wikipedia/en/9/9d/Commons-logo-31px.png -> 200 (22ms)
2014-06-09 13:28:27,549 - sauce_connect:0 - INFO - GET http://upload.wikimedia.org/wikipedia/commons/thumb/c/c6/JosephNWelch.jpg/75px-JosephNWelch.jpg -> 200 (23ms)
2014-06-09 13:28:27,553 - sauce_connect:0 - INFO - GET http://upload.wikimedia.org/wikipedia/commons/thumb/f/ff/Wikidata-logo.svg/47px-Wikidata-logo.svg.png -> 200 (28ms)
2014-06-09 13:28:27,556 - sauce_connect:0 - INFO - GET http://upload.wikimedia.org/wikipedia/en/b/bc/Meta-logo-35px.png -> 200 (29ms)
2014-06-09 13:28:27,561 - sauce_connect:0 - INFO - GET http://upload.wikimedia.org/wikipedia/commons/thumb/1/16/X10_Reactor_Face.jpg/350px-X10_Reactor_Face.jpg -> 200 (36ms)
2014-06-09 13:28:27,569 - sauce_connect:0 - INFO - GET http://upload.wikimedia.org/wikipedia/en/b/b6/Wikisource-logo-35px.png -> 200 (10ms)
2014-06-09 13:28:27,569 - sauce_connect:0 - INFO - GET http://upload.wikimedia.org/wikipedia/en/6/60/Wikinews-logo-51px.png -> 200 (11ms)
2014-06-09 13:28:27,569 - sauce_connect:0 - INFO - GET http://upload.wikimedia.org/wikipedia/en/4/46/Wikiquote-logo-51px.png -> 200 (10ms)
2014-06-09 13:28:27,572 - sauce_connect:0 - INFO - GET http://upload.wikimedia.org/wikipedia/en/b/bf/Wikispecies-logo-35px.png -> 200 (10ms)
2014-06-09 13:28:27,608 - sauce_connect:0 - INFO - GET http://login.wikimedia.org/wiki/Special:CentralAutoLogin/checkLoggedIn?type=script&wikiid=enwiki&proto=http -> 200 (9ms)
2014-06-09 13:28:27,684 - sauce_connect:0 - INFO - GET http://upload.wikimedia.org/wikipedia/en/e/e3/Wikiversity-logo-41px.png -> 200 (8ms)
2014-06-09 13:28:27,688 - sauce_connect:0 - INFO - GET http://upload.wikimedia.org/wikipedia/en/f/f2/Wiktionary-logo-51px.png -> 200 (9ms)
2014-06-09 13:28:27,690 - sauce_connect:0 - INFO - GET http://bits.wikimedia.org/images/wikimedia-button.png -> 200 (9ms)
2014-06-09 13:28:27,688 - sauce_connect:0 - INFO - GET http://upload.wikimedia.org/wikipedia/commons/thumb/d/dd/Wikivoyage-Logo-v3-icon.svg/35px-Wikivoyage-Logo-v3-icon.svg.png -> 200 (9ms)
2014-06-09 13:28:27,747 - sauce_connect:0 - INFO - GET http://geoiplookup.wikimedia.org/ -> 200 (8ms)
2014-06-09 13:28:27,786 - sauce_connect:0 - INFO - GET http://meta.wikimedia.org/wiki/Special:BannerRandom?uselang=en&sitename=Wikipedia&project=wikipedia&anonymous=true&bucket=1&country=XX&device=desktop&slot=6 -> 200 (9ms)
2014-06-09 13:28:27,792 - sauce_connect:0 - INFO - GET http://upload.wikimedia.org/wikipedia/en/b/bc/Wiki.png -> 200 (16ms)
2014-06-09 13:28:27,796 - sauce_connect:0 - INFO - GET http://en.wikipedia.org/w/index.php?title=MediaWiki:Common.js/IEFixes.js&action=raw&ctype=text/javascript -> 200 (10ms)
2014-06-09 13:28:27,841 - sauce_connect:0 - INFO - GET http://meta.wikimedia.org/wiki/Special:RecordImpression?result=hide&reason=empty&country=XX&uselang=en&project=wikipedia&db=enwiki&bucket=1&anonymous=true&device=desktop -> 200 (7ms)
2014-06-09 13:28:27,884 - sauce_connect:0 - INFO - GET http://login.wikimedia.org/wiki/Special:CentralAutoLogin/checkLoggedIn?type=script&wikiid=enwiki&proto=http -> 200 (10ms)
2014-06-09 13:28:28,016 - sauce_connect:0 - INFO - GET http://en.wikipedia.org/wiki/Main_Page -> 200 (17ms)
2014-06-09 13:28:28,078 - sauce_connect:0 - INFO - GET http://bits.wikimedia.org/favicon/wikipedia.ico -> 200 (49ms)
2014-06-09 13:28:28,081 - sauce_connect:0 - INFO - GET http://upload.wikimedia.org/wikipedia/en/thumb/7/7e/Busto_de_Juan_Carlos_I_de_Espa%C3%B1a_%282009%29.jpg/85px-Busto_de_Juan_Carlos_I_de_Espa%C3%B1a_%282009%29.jpg -> 200 (15ms)
2014-06-09 13:28:28,089 - sauce_connect:0 - INFO - GET http://upload.wikimedia.org/wikipedia/commons/thumb/c/c6/JosephNWelch.jpg/75px-JosephNWelch.jpg -> 200 (21ms)
2014-06-09 13:28:28,089 - sauce_connect:0 - INFO - GET http://upload.wikimedia.org/wikipedia/en/b/bc/Meta-logo-35px.png -> 200 (15ms)
2014-06-09 13:28:28,084 - sauce_connect:0 - INFO - GET http://upload.wikimedia.org/wikipedia/commons/thumb/d/d9/Thophasaccatabluecarpet.jpg/100px-Thophasaccatabluecarpet.jpg -> 200 (22ms)
2014-06-09 13:28:28,096 - sauce_connect:0 - INFO - GET http://upload.wikimedia.org/wikipedia/commons/thumb/3/3d/Mediawiki-logo.png/35px-Mediawiki-logo.png -> 200 (26ms)
2014-06-09 13:28:28,105 - sauce_connect:0 - INFO - GET http://upload.wikimedia.org/wikipedia/commons/thumb/f/ff/Wikidata-logo.svg/47px-Wikidata-logo.svg.png -> 200 (12ms)
2014-06-09 13:28:28,091 - sauce_connect:0 - INFO - GET http://upload.wikimedia.org/wikipedia/en/b/b6/Wikisource-logo-35px.png -> 200 (10ms)
2014-06-09 13:28:28,108 - sauce_connect:0 - INFO - GET http://upload.wikimedia.org/wikipedia/en/4/46/Wikiquote-logo-51px.png -> 200 (13ms)
2014-06-09 13:28:28,111 - sauce_connect:0 - INFO - GET http://upload.wikimedia.org/wikipedia/en/b/bf/Wikispecies-logo-35px.png -> 200 (28ms)
2014-06-09 13:28:28,101 - sauce_connect:0 - INFO - GET http://upload.wikimedia.org/wikipedia/en/7/7f/Wikibooks-logo-35px.png -> 200 (25ms)
2014-06-09 13:28:28,115 - sauce_connect:0 - INFO - GET http://upload.wikimedia.org/wikipedia/commons/thumb/f/fa/Apple_logo_black.svg/102px-Apple_logo_black.svg.png -> 200 (43ms)
2014-06-09 13:28:28,112 - sauce_connect:0 - INFO - GET http://upload.wikimedia.org/wikipedia/commons/thumb/d/dd/Wikivoyage-Logo-v3-icon.svg/35px-Wikivoyage-Logo-v3-icon.svg.png -> 200 (17ms)
2014-06-09 13:28:28,118 - sauce_connect:0 - INFO - GET http://upload.wikimedia.org/wikipedia/en/e/e3/Wikiversity-logo-41px.png -> 200 (16ms)
2014-06-09 13:28:28,121 - sauce_connect:0 - INFO - GET http://upload.wikimedia.org/wikipedia/en/6/60/Wikinews-logo-51px.png -> 200 (13ms)
2014-06-09 13:28:28,122 - sauce_connect:0 - INFO - GET http://upload.wikimedia.org/wikipedia/commons/thumb/0/00/President_Barack_Obama_greets_Jack_Hoffman%2C_April_29_2013_cropped.png/100px-President_Barack_Obama_greets_Jack_Hoffman%2C_April_29_2013_cropped.png -> 200 (59ms)
2014-06-09 13:28:28,122 - sauce_connect:0 - INFO - GET http://upload.wikimedia.org/wikipedia/en/9/9d/Commons-logo-31px.png -> 200 (51ms)
2014-06-09 13:28:28,141 - sauce_connect:0 - INFO - GET http://bits.wikimedia.org/images/wikimedia-button.png -> 200 (16ms)
2014-06-09 13:28:28,142 - sauce_connect:0 - INFO - GET http://upload.wikimedia.org/wikipedia/en/f/f2/Wiktionary-logo-51px.png -> 200 (15ms)
2014-06-09 13:28:28,151 - sauce_connect:0 - INFO - GET http://bits.wikimedia.org/favicon/wikipedia.ico -> 200 (26ms)
2014-06-09 13:28:28,151 - sauce_connect:0 - INFO - GET http://upload.wikimedia.org/wikipedia/commons/thumb/1/16/X10_Reactor_Face.jpg/350px-X10_Reactor_Face.jpg -> 200 (80ms)
2014-06-09 13:28:28,233 - sauce_connect:0 - INFO - GET http://geoiplookup.wikimedia.org/ -> 200 (9ms)
2014-06-09 13:28:28,283 - sauce_connect:0 - INFO - GET http://upload.wikimedia.org/wikipedia/en/b/bc/Wiki.png -> 200 (21ms)
2014-06-09 13:28:28,292 - sauce_connect:0 - INFO - GET http://meta.wikimedia.org/wiki/Special:BannerRandom?uselang=en&sitename=Wikipedia&project=wikipedia&anonymous=true&bucket=0&country=XX&device=desktop&slot=21 -> 200 (17ms)
2014-06-09 13:28:28,303 - sauce_connect:0 - INFO - GET http://en.wikipedia.org/w/index.php?title=MediaWiki:Common.js/IEFixes.js&action=raw&ctype=text/javascript -> 200 (10ms)
2014-06-09 13:28:28,345 - sauce_connect:0 - INFO - GET http://meta.wikimedia.org/wiki/Special:RecordImpression?result=hide&reason=empty&country=XX&uselang=en&project=wikipedia&db=enwiki&bucket=0&anonymous=true&device=desktop -> 200 (10ms)
2014-06-09 13:28:28,407 - sauce_connect:0 - INFO - GET http://en.wikipedia.org/w/api.php?action=opensearch&format=json&search=Miso&namespace=0&suggest= -> 200 (9ms)
2014-06-09 13:28:28,410 - sauce_connect:0 - INFO - GET http://bits.wikimedia.org/favicon/wikipedia.ico -> 200 (30ms)
2014-06-09 13:28:28,592 - sauce_connect:0 - INFO - GET http://bits.wikimedia.org/favicon/wikipedia.ico -> 200 (21ms)
2014-06-09 13:28:28,614 - sauce_connect:0 - INFO - GET http://login.wikimedia.org/wiki/Special:CentralAutoLogin/checkLoggedIn?type=script&wikiid=enwiki&proto=http -> 200 (8ms)
2014-06-09 13:28:28,614 - sauce_connect:0 - INFO - GET http://geoiplookup.wikimedia.org/ -> 200 (7ms)
2014-06-09 13:28:28,621 - sauce_connect:0 - INFO - GET http://upload.wikimedia.org/wikipedia/en/b/bc/Wiki.png -> 200 (14ms)
2014-06-09 13:28:28,671 - sauce_connect:0 - INFO - GET http://bits.wikimedia.org/en.wikipedia.org/load.php?debug=false&lang=en&modules=ext.uls.i18n%2Cime%2Clanguagenames%2Cmediawiki%2Cmessages%7Cjquery.i18n%2Cime%2Culs%7Cjquery.uls.data%2Cgrid&skin=vector&version=20140606T181333Z&* -> 200 (425ms)
2014-06-09 13:28:28,796 - sauce_connect:0 - INFO - GET http://meta.wikimedia.org/wiki/Special:BannerRandom?uselang=en&sitename=Wikipedia&project=wikipedia&anonymous=true&bucket=0&country=XX&device=desktop&slot=8 -> 200 (7ms)
2014-06-09 13:28:28,816 - sauce_connect:0 - INFO - GET http://meta.wikimedia.org/wiki/Special:RecordImpression?result=hide&reason=empty&country=XX&uselang=en&project=wikipedia&db=enwiki&bucket=0&anonymous=true&device=desktop -> 200 (8ms)
2014-06-09 13:28:29,029 - sauce_connect:0 - INFO - GET http://en.wikipedia.org/w/index.php?search=Miso&title=Special%3ASearch&go=Go -> 302 (173ms)
2014-06-09 13:28:29,056 - sauce_connect:0 - INFO - GET http://en.wikipedia.org/wiki/Miso -> 200 (16ms)
2014-06-09 13:28:29,130 - sauce_connect:0 - INFO - GET http://bits.wikimedia.org/favicon/wikipedia.ico -> 200 (20ms)
2014-06-09 13:28:29,479 - sauce_connect:0 - INFO - GET http://bits.wikimedia.org/en.wikipedia.org/load.php?debug=false&lang=en&modules=ext.gadget.DRN-wizard%2CReferenceTooltips%2Ccharinsert%2CrefToolbar%2Cteahouse%7Cext.rtlcite%2Cwikihiero%7Cext.uls.nojs%7Cext.visualEditor.viewPageTarget.noscript%7Cmediawiki.legacy.commonPrint%2Cshared%7Cmediawiki.skinning.interface%7Cmediawiki.ui.button%7Cskins.vector.styles%7Cwikibase.client.init&only=styles&skin=vector&* -> 200 (381ms)
2014-06-09 13:28:29,532 - sauce_connect:0 - INFO - GET http://upload.wikimedia.org/wikipedia/commons/thumb/d/d6/Foodlogo2.svg/32px-Foodlogo2.svg.png -> 200 (14ms)
2014-06-09 13:28:29,535 - sauce_connect:0 - INFO - GET http://upload.wikimedia.org/wikipedia/en/thumb/4/4a/Commons-logo.svg/30px-Commons-logo.svg.png -> 200 (14ms)
2014-06-09 13:28:29,539 - sauce_connect:0 - INFO - GET http://upload.wikimedia.org/wikipedia/commons/thumb/e/ed/Miso_paste_by_wilbanks_in_Nishiki_Ichiba%2C_Kyoto.jpg/200px-Miso_paste_by_wilbanks_in_Nishiki_Ichiba%2C_Kyoto.jpg -> 200 (22ms)
2014-06-09 13:28:29,542 - sauce_connect:0 - INFO - GET http://upload.wikimedia.org/wikipedia/commons/thumb/7/72/Miso_sold_in_Tokyo_foodhall.jpg/200px-Miso_sold_in_Tokyo_foodhall.jpg -> 200 (22ms)
2014-06-09 13:28:29,546 - sauce_connect:0 - INFO - GET http://upload.wikimedia.org/wikipedia/commons/thumb/8/82/Soybean.USDA.jpg/80px-Soybean.USDA.jpg -> 200 (25ms)
2014-06-09 13:28:29,548 - sauce_connect:0 - INFO - GET http://upload.wikimedia.org/wikipedia/commons/thumb/1/1b/CodazziMisoKioke1.jpg/200px-CodazziMisoKioke1.jpg -> 200 (31ms)
2014-06-09 13:28:29,582 - sauce_connect:0 - INFO - GET http://bits.wikimedia.org/favicon/wikipedia.ico -> 200 (24ms)
2014-06-09 13:28:29,668 - sauce_connect:0 - INFO - GET http://en.wikipedia.org/w/api.php?action=opensearch&format=json&search=Ramen&namespace=0&suggest= -> 200 (8ms)
2014-06-09 13:28:30,049 - sauce_connect:0 - INFO - GET http://bits.wikimedia.org/images/wikimedia-button.png -> 200 (8ms)
2014-06-09 13:28:30,069 - sauce_connect:0 - INFO - GET http://meta.wikimedia.org/wiki/Special:BannerRandom?uselang=en&sitename=Wikipedia&project=wikipedia&anonymous=true&bucket=1&country=XX&device=desktop&slot=6 -> 200 (12ms)
2014-06-09 13:28:30,082 - sauce_connect:0 - INFO - GET http://en.wikipedia.org/w/index.php?search=Miso&title=Special%3ASearch&go=Go -> 302 (189ms)
2014-06-09 13:28:30,089 - sauce_connect:0 - INFO - GET http://bits.wikimedia.org/en.wikipedia.org/load.php?debug=false&lang=en&modules=ext.cite%2CeventLogging%2CnavigationTiming%7Cext.eventLogging.subscriber%7Cext.gadget.DRN-wizard%2CReferenceTooltips%2Ccharinsert%2CrefToolbar%2Cteahouse%7Cext.gettingstarted.assignToken%2Cuser%7Cext.uls.eventlogger%2Cinterlanguage%7Cjquery.checkboxShiftClick%2Chashchange%2Chidpi%2ChighlightText%2CmakeCollapsible%2Cmw-jump%2Cplaceholder%2CscrollTo%2Csuggestions%7Cmediawiki.action.view.postEdit%7Cmediawiki.cookie%2Chidpi%2CsearchSuggest%7Cmediawiki.page.ready%7Cmmv.ActionLogger%2CDurationLogger%2CHtmlUtils%2Cbootstrap%2Clogger%7Cmmv.bootstrap.autostart%7Cmobile.desktop%7Cmw.MwEmbedSupport.style%7Coojs%7Cschema.NavigationTiming%2CUniversalLanguageSelector%2CUniversalLanguageSelector-tofu&skin=vector&version=20140609T050219Z&* -> 200 (47ms)
2014-06-09 13:28:30,089 - sauce_connect:0 - INFO - GET http://upload.wikimedia.org/wikipedia/en/b/bc/Wiki.png -> 200 (45ms)
2014-06-09 13:28:30,105 - sauce_connect:0 - INFO - GET http://meta.wikimedia.org/wiki/Special:RecordImpression?result=hide&reason=empty&country=XX&uselang=en&project=wikipedia&db=enwiki&bucket=1&anonymous=true&device=desktop -> 200 (13ms)
2014-06-09 13:28:30,121 - sauce_connect:0 - INFO - GET http://en.wikipedia.org/wiki/Miso -> 200 (19ms)
2014-06-09 13:28:30,150 - sauce_connect:0 - INFO - GET http://en.wikipedia.org/w/index.php?search=Ramen&title=Special%3ASearch&go=Go -> 302 (170ms)
2014-06-09 13:28:30,154 - sauce_connect:0 - INFO - GET http://upload.wikimedia.org/wikipedia/commons/thumb/7/72/Miso_sold_in_Tokyo_foodhall.jpg/200px-Miso_sold_in_Tokyo_foodhall.jpg -> 200 (17ms)
2014-06-09 13:28:30,174 - sauce_connect:0 - INFO - GET http://upload.wikimedia.org/wikipedia/commons/thumb/1/1b/CodazziMisoKioke1.jpg/200px-CodazziMisoKioke1.jpg -> 200 (31ms)
2014-06-09 13:28:30,187 - sauce_connect:0 - INFO - GET http://en.wikipedia.org/wiki/Ramen -> 200 (28ms)
2014-06-09 13:28:30,244 - sauce_connect:0 - INFO - GET http://upload.wikimedia.org/wikipedia/commons/thumb/7/76/Aburasoba.jpg/135px-Aburasoba.jpg -> 200 (13ms)
2014-06-09 13:28:30,256 - sauce_connect:0 - INFO - GET http://upload.wikimedia.org/wikipedia/commons/thumb/d/d6/Foodlogo2.svg/32px-Foodlogo2.svg.png -> 200 (12ms)
2014-06-09 13:28:30,259 - sauce_connect:0 - INFO - GET http://upload.wikimedia.org/wikipedia/commons/thumb/b/bd/Tsukemen.jpg/150px-Tsukemen.jpg -> 200 (24ms)
2014-06-09 13:28:30,259 - sauce_connect:0 - INFO - GET http://upload.wikimedia.org/wikipedia/commons/thumb/3/38/Butter_Corn_Ramen.JPG/150px-Butter_Corn_Ramen.JPG -> 200 (24ms)
2014-06-09 13:28:30,259 - sauce_connect:0 - INFO - GET http://upload.wikimedia.org/wikipedia/commons/thumb/6/62/Zaru_ramen_Paris.jpg/150px-Zaru_ramen_Paris.jpg -> 200 (26ms)
2014-06-09 13:28:30,262 - sauce_connect:0 - INFO - GET http://upload.wikimedia.org/wikipedia/commons/thumb/6/61/Tokyoramen.jpg/150px-Tokyoramen.jpg -> 200 (27ms)
2014-06-09 13:28:30,263 - sauce_connect:0 - INFO - GET http://upload.wikimedia.org/wikipedia/en/thumb/4/4a/Commons-logo.svg/12px-Commons-logo.svg.png -> 200 (27ms)
2014-06-09 13:28:30,265 - sauce_connect:0 - INFO - GET http://upload.wikimedia.org/wikipedia/commons/thumb/d/df/Wikibooks-logo-en-noslogan.svg/16px-Wikibooks-logo-en-noslogan.svg.png -> 200 (27ms)
2014-06-09 13:28:30,266 - sauce_connect:0 - INFO - GET http://upload.wikimedia.org/wikipedia/commons/thumb/9/95/Tonkotsu_ramen.JPG/220px-Tonkotsu_ramen.JPG -> 200 (34ms)
2014-06-09 13:28:30,266 - sauce_connect:0 - INFO - GET http://upload.wikimedia.org/wikipedia/commons/thumb/b/b3/High_school_students_eating_Ramen.JPG/220px-High_school_students_eating_Ramen.JPG -> 200 (28ms)
2014-06-09 13:28:30,269 - sauce_connect:0 - INFO - GET http://upload.wikimedia.org/wikipedia/commons/thumb/f/ff/Wikidata-logo.svg/25px-Wikidata-logo.svg.png -> 200 (25ms)
2014-06-09 13:28:30,269 - sauce_connect:0 - INFO - GET http://upload.wikimedia.org/wikipedia/commons/thumb/f/f8/Wiktionary-logo-en.svg/23px-Wiktionary-logo-en.svg.png -> 200 (28ms)
2014-06-09 13:28:30,273 - sauce_connect:0 - INFO - GET http://upload.wikimedia.org/wikipedia/commons/thumb/5/58/YakyudoriRamen.jpeg/220px-YakyudoriRamen.jpeg -> 200 (30ms)
2014-06-09 13:28:30,282 - sauce_connect:0 - INFO - GET http://bits.wikimedia.org/favicon/wikipedia.ico -> 200 (28ms)
2014-06-09 13:28:30,286 - sauce_connect:0 - INFO - GET http://upload.wikimedia.org/wikipedia/commons/thumb/2/24/Misora-men2222222.jpg/220px-Misora-men2222222.jpg -> 200 (49ms)
2014-06-09 13:28:30,335 - sauce_connect:0 - INFO - GET http://upload.wikimedia.org/wikipedia/commons/thumb/d/d6/Foodlogo2.svg/32px-Foodlogo2.svg.png -> 200 (9ms)
2014-06-09 13:28:30,342 - sauce_connect:0 - INFO - GET http://upload.wikimedia.org/wikipedia/en/thumb/4/4a/Commons-logo.svg/30px-Commons-logo.svg.png -> 200 (10ms)
2014-06-09 13:28:30,342 - sauce_connect:0 - INFO - GET http://upload.wikimedia.org/wikipedia/commons/thumb/8/82/Soybean.USDA.jpg/80px-Soybean.USDA.jpg -> 200 (11ms)
2014-06-09 13:28:30,348 - sauce_connect:0 - INFO - GET http://bits.wikimedia.org/images/wikimedia-button.png -> 200 (12ms)
2014-06-09 13:28:30,355 - sauce_connect:0 - INFO - GET http://bits.wikimedia.org/favicon/wikipedia.ico -> 200 (21ms)
2014-06-09 13:28:30,369 - sauce_connect:0 - INFO - GET http://upload.wikimedia.org/wikipedia/commons/thumb/e/ed/Miso_paste_by_wilbanks_in_Nishiki_Ichiba%2C_Kyoto.jpg/200px-Miso_paste_by_wilbanks_in_Nishiki_Ichiba%2C_Kyoto.jpg -> 200 (227ms)
2014-06-09 13:28:30,460 - sauce_connect:0 - INFO - GET http://meta.wikimedia.org/wiki/Special:BannerRandom?uselang=en&sitename=Wikipedia&project=wikipedia&anonymous=true&bucket=1&country=XX&device=desktop&slot=3 -> 200 (7ms)
2014-06-09 13:28:30,470 - sauce_connect:0 - INFO - GET http://upload.wikimedia.org/wikipedia/commons/thumb/6/65/Hakatara-men.jpg/150px-Hakatara-men.jpg -> 200 (236ms)
2014-06-09 13:28:30,473 - sauce_connect:0 - INFO - GET http://upload.wikimedia.org/wikipedia/commons/thumb/a/a8/Fresh_ramen_noodle_001.jpg/220px-Fresh_ramen_noodle_001.jpg -> 200 (239ms)
2014-06-09 13:28:30,479 - sauce_connect:0 - INFO - GET http://upload.wikimedia.org/wikipedia/en/b/bc/Wiki.png -> 200 (20ms)
2014-06-09 13:28:30,480 - sauce_connect:0 - INFO - GET http://upload.wikimedia.org/wikipedia/commons/thumb/2/25/Sapporo_miso_ramen.jpg/150px-Sapporo_miso_ramen.jpg -> 200 (248ms)
2014-06-09 13:28:30,480 - sauce_connect:0 - INFO - GET http://en.wikipedia.org/w/index.php?title=MediaWiki:Common.js/IEFixes.js&action=raw&ctype=text/javascript -> 200 (12ms)
2014-06-09 13:28:30,490 - sauce_connect:0 - INFO - GET http://upload.wikimedia.org/wikipedia/commons/thumb/d/d2/Kitakatara-men.jpg/150px-Kitakatara-men.jpg -> 200 (255ms)
2014-06-09 13:28:30,493 - sauce_connect:0 - INFO - GET http://meta.wikimedia.org/wiki/Special:RecordImpression?result=hide&reason=empty&country=XX&uselang=en&project=wikipedia&db=enwiki&bucket=1&anonymous=true&device=desktop -> 200 (9ms)
2014-06-09 13:28:30,596 - sauce_connect:0 - INFO - GET http://upload.wikimedia.org/wikipedia/commons/thumb/6/67/Takayama_ramen.jpg/150px-Takayama_ramen.jpg -> 200 (363ms)
2014-06-09 13:28:30,684 - sauce_connect:0 - INFO - GET http://upload.wikimedia.org/wikipedia/commons/thumb/1/10/Hiyashira-men.jpg/150px-Hiyashira-men.jpg -> 200 (450ms)
2014-06-09 13:28:30,720 - sauce_connect:0 - INFO - GET http://en.wikipedia.org/w/index.php?search=Ramen&title=Special%3ASearch&go=Go -> 302 (181ms)
2014-06-09 13:28:30,757 - sauce_connect:0 - INFO - GET http://en.wikipedia.org/wiki/Ramen -> 200 (28ms)
2014-06-09 13:28:30,782 - sauce_connect:0 - INFO - GET http://bits.wikimedia.org/images/wikimedia-button.png -> 200 (8ms)
2014-06-09 13:28:30,785 - sauce_connect:0 - INFO - GET http://upload.wikimedia.org/wikipedia/en/thumb/9/99/Question_book-new.svg/50px-Question_book-new.svg.png -> 200 (10ms)
2014-06-09 13:28:30,789 - sauce_connect:0 - INFO - GET http://upload.wikimedia.org/wikipedia/en/thumb/4/4a/Commons-logo.svg/12px-Commons-logo.svg.png -> 200 (10ms)
2014-06-09 13:28:30,789 - sauce_connect:0 - INFO - GET http://upload.wikimedia.org/wikipedia/commons/d/d4/Monobook-bullet-star.png -> 200 (11ms)
2014-06-09 13:28:30,789 - sauce_connect:0 - INFO - GET http://upload.wikimedia.org/wikipedia/commons/thumb/d/df/Wikibooks-logo-en-noslogan.svg/16px-Wikibooks-logo-en-noslogan.svg.png -> 200 (11ms)
2014-06-09 13:28:30,802 - sauce_connect:0 - INFO - GET http://upload.wikimedia.org/wikipedia/commons/thumb/d/d2/Kitakatara-men.jpg/150px-Kitakatara-men.jpg -> 200 (20ms)
2014-06-09 13:28:30,802 - sauce_connect:0 - INFO - GET http://upload.wikimedia.org/wikipedia/commons/thumb/a/a1/Japanese_Salt_flavor_Sapporo_Ramen.JPG/220px-Japanese_Salt_flavor_Sapporo_Ramen.JPG -> 200 (21ms)
2014-06-09 13:28:30,811 - sauce_connect:0 - INFO - GET http://upload.wikimedia.org/wikipedia/commons/thumb/b/bd/Tsukemen.jpg/150px-Tsukemen.jpg -> 200 (12ms)
2014-06-09 13:28:30,811 - sauce_connect:0 - INFO - GET http://upload.wikimedia.org/wikipedia/commons/thumb/f/fc/Soy_ramen.jpg/250px-Soy_ramen.jpg -> 200 (33ms)
2014-06-09 13:28:30,821 - sauce_connect:0 - INFO - GET http://upload.wikimedia.org/wikipedia/en/b/bc/Wiki.png -> 200 (46ms)
2014-06-09 13:28:30,822 - sauce_connect:0 - INFO - GET http://upload.wikimedia.org/wikipedia/commons/thumb/6/67/Takayama_ramen.jpg/150px-Takayama_ramen.jpg -> 200 (15ms)
2014-06-09 13:28:30,836 - sauce_connect:0 - INFO - GET http://upload.wikimedia.org/wikipedia/commons/thumb/2/24/Misora-men2222222.jpg/220px-Misora-men2222222.jpg -> 200 (57ms)
2014-06-09 13:28:30,888 - sauce_connect:0 - INFO - GET http://upload.wikimedia.org/wikipedia/en/thumb/9/99/Question_book-new.svg/50px-Question_book-new.svg.png -> 200 (651ms)
2014-06-09 13:28:30,904 - sauce_connect:0 - INFO - GET http://upload.wikimedia.org/wikipedia/commons/thumb/a/a1/Japanese_Salt_flavor_Sapporo_Ramen.JPG/220px-Japanese_Salt_flavor_Sapporo_Ramen.JPG -> 200 (669ms)
2014-06-09 13:28:30,917 - sauce_connect:0 - INFO - GET http://meta.wikimedia.org/wiki/Special:BannerRandom?uselang=en&sitename=Wikipedia&project=wikipedia&anonymous=true&bucket=0&country=XX&device=desktop&slot=3 -> 200 (8ms)
2014-06-09 13:28:30,963 - sauce_connect:0 - INFO - GET http://upload.wikimedia.org/wikipedia/commons/thumb/3/38/Butter_Corn_Ramen.JPG/150px-Butter_Corn_Ramen.JPG -> 200 (23ms)
2014-06-09 13:28:30,963 - sauce_connect:0 - INFO - GET http://upload.wikimedia.org/wikipedia/commons/thumb/b/b3/High_school_students_eating_Ramen.JPG/220px-High_school_students_eating_Ramen.JPG -> 200 (20ms)
2014-06-09 13:28:30,977 - sauce_connect:0 - INFO - GET http://upload.wikimedia.org/wikipedia/commons/thumb/6/68/Ramen_Noodles_by_David_Shankbone.jpg/220px-Ramen_Noodles_by_David_Shankbone.jpg -> 200 (30ms)
2014-06-09 13:28:30,986 - sauce_connect:0 - INFO - GET http://meta.wikimedia.org/wiki/Special:RecordImpression?result=hide&reason=empty&country=XX&uselang=en&project=wikipedia&db=enwiki&bucket=0&anonymous=true&device=desktop -> 200 (11ms)
2014-06-09 13:28:30,993 - sauce_connect:0 - INFO - GET http://upload.wikimedia.org/wikipedia/commons/thumb/f/f8/Wiktionary-logo-en.svg/23px-Wiktionary-logo-en.svg.png -> 200 (10ms)
2014-06-09 13:28:30,993 - sauce_connect:0 - INFO - GET http://upload.wikimedia.org/wikipedia/commons/thumb/d/d6/Foodlogo2.svg/32px-Foodlogo2.svg.png -> 200 (10ms)
2014-06-09 13:28:31,003 - sauce_connect:0 - INFO - GET http://upload.wikimedia.org/wikipedia/commons/thumb/f/ff/Wikidata-logo.svg/25px-Wikidata-logo.svg.png -> 200 (10ms)
2014-06-09 13:28:31,016 - sauce_connect:0 - INFO - GET http://bits.wikimedia.org/images/wikimedia-button.png -> 200 (12ms)
2014-06-09 13:28:31,025 - sauce_connect:0 - INFO - GET http://upload.wikimedia.org/wikipedia/commons/thumb/6/65/Hakatara-men.jpg/150px-Hakatara-men.jpg -> 200 (243ms)
2014-06-09 13:28:31,029 - sauce_connect:0 - INFO - GET http://upload.wikimedia.org/wikipedia/commons/thumb/9/95/Tonkotsu_ramen.JPG/220px-Tonkotsu_ramen.JPG -> 200 (248ms)
2014-06-09 13:28:31,051 - sauce_connect:0 - INFO - GET http://upload.wikimedia.org/wikipedia/commons/thumb/7/76/Aburasoba.jpg/135px-Aburasoba.jpg -> 200 (244ms)
2014-06-09 13:28:31,181 - sauce_connect:0 - INFO - GET http://upload.wikimedia.org/wikipedia/commons/thumb/6/62/Zaru_ramen_Paris.jpg/150px-Zaru_ramen_Paris.jpg -> 200 (240ms)
2014-06-09 13:28:31,206 - sauce_connect:0 - INFO - GET http://upload.wikimedia.org/wikipedia/commons/thumb/6/61/Tokyoramen.jpg/150px-Tokyoramen.jpg -> 200 (425ms)
2014-06-09 13:28:31,220 - sauce_connect:0 - INFO - GET http://upload.wikimedia.org/wikipedia/commons/thumb/a/a8/Fresh_ramen_noodle_001.jpg/220px-Fresh_ramen_noodle_001.jpg -> 200 (434ms)
2014-06-09 13:28:31,256 - sauce_connect:0 - INFO - GET http://meta.wikimedia.org/wiki/Special:BannerRandom?uselang=en&sitename=Wikipedia&project=wikipedia&anonymous=true&bucket=0&country=XX&device=desktop&slot=3 -> 200 (7ms)
2014-06-09 13:28:31,270 - sauce_connect:0 - INFO - GET http://en.wikipedia.org/w/index.php?title=MediaWiki:Common.js/IEFixes.js&action=raw&ctype=text/javascript -> 200 (10ms)
2014-06-09 13:28:31,292 - sauce_connect:0 - INFO - GET http://upload.wikimedia.org/wikipedia/en/b/bc/Wiki.png -> 200 (36ms)
2014-06-09 13:28:31,296 - sauce_connect:0 - INFO - GET http://upload.wikimedia.org/wikipedia/commons/thumb/1/10/Hiyashira-men.jpg/150px-Hiyashira-men.jpg -> 200 (357ms)
2014-06-09 13:28:31,308 - sauce_connect:0 - INFO - GET http://meta.wikimedia.org/wiki/Special:RecordImpression?result=hide&reason=empty&country=XX&uselang=en&project=wikipedia&db=enwiki&bucket=0&anonymous=true&device=desktop -> 200 (13ms)
2014-06-09 13:28:31,319 - sauce_connect:0 - INFO - GET http://upload.wikimedia.org/wikipedia/commons/d/d4/Monobook-bullet-star.png -> 200 (8ms)
2014-06-09 13:28:31,391 - sauce_connect:0 - INFO - GET http://upload.wikimedia.org/wikipedia/commons/thumb/6/68/Ramen_Noodles_by_David_Shankbone.jpg/220px-Ramen_Noodles_by_David_Shankbone.jpg -> 200 (1143ms)
2014-06-09 13:28:31,401 - sauce_connect:0 - INFO - GET http://upload.wikimedia.org/wikipedia/commons/thumb/5/58/YakyudoriRamen.jpeg/220px-YakyudoriRamen.jpeg -> 200 (457ms)
2014-06-09 13:28:31,417 - sauce_connect:0 - INFO - GET http://upload.wikimedia.org/wikipedia/commons/thumb/f/fc/Soy_ramen.jpg/250px-Soy_ramen.jpg -> 200 (1183ms)
2014-06-09 13:28:31,496 - sauce_connect:0 - INFO - GET http://upload.wikimedia.org/wikipedia/commons/thumb/2/25/Sapporo_miso_ramen.jpg/150px-Sapporo_miso_ramen.jpg -> 200 (553ms)
2014-06-09 13:28:31,578 - sauce_connect:0 - INFO - GET http://en.wikipedia.org/wiki/Main_Page -> 200 (18ms)
2014-06-09 13:28:31,993 - sauce_connect:0 - INFO - GET http://bits.wikimedia.org/images/wikimedia-button.png -> 200 (8ms)
2014-06-09 13:28:31,993 - sauce_connect:0 - INFO - GET http://login.wikimedia.org/wiki/Special:CentralAutoLogin/checkLoggedIn?type=script&wikiid=enwiki&proto=http -> 200 (9ms)
2014-06-09 13:28:31,993 - sauce_connect:0 - INFO - GET http://geoiplookup.wikimedia.org/ -> 200 (8ms)
2014-06-09 13:28:31,994 - sauce_connect:0 - INFO - GET http://upload.wikimedia.org/wikipedia/commons/thumb/d/d9/Thophasaccatabluecarpet.jpg/100px-Thophasaccatabluecarpet.jpg -> 200 (15ms)
2014-06-09 13:28:32,017 - sauce_connect:0 - INFO - GET http://upload.wikimedia.org/wikipedia/commons/thumb/f/fa/Apple_logo_black.svg/102px-Apple_logo_black.svg.png -> 200 (12ms)
2014-06-09 13:28:32,017 - sauce_connect:0 - INFO - GET http://upload.wikimedia.org/wikipedia/commons/thumb/c/c6/JosephNWelch.jpg/75px-JosephNWelch.jpg -> 200 (12ms)
2014-06-09 13:28:32,019 - sauce_connect:0 - INFO - GET http://upload.wikimedia.org/wikipedia/commons/thumb/0/00/President_Barack_Obama_greets_Jack_Hoffman%2C_April_29_2013_cropped.png/100px-President_Barack_Obama_greets_Jack_Hoffman%2C_April_29_2013_cropped.png -> 200 (19ms)
2014-06-09 13:28:32,032 - sauce_connect:0 - INFO - GET http://upload.wikimedia.org/wikipedia/en/thumb/7/7e/Busto_de_Juan_Carlos_I_de_Espa%C3%B1a_%282009%29.jpg/85px-Busto_de_Juan_Carlos_I_de_Espa%C3%B1a_%282009%29.jpg -> 200 (15ms)
2014-06-09 13:28:32,059 - sauce_connect:0 - INFO - GET http://meta.wikimedia.org/wiki/Special:BannerRandom?uselang=en&sitename=Wikipedia&project=wikipedia&anonymous=true&bucket=0&country=XX&device=desktop&slot=16 -> 200 (12ms)
2014-06-09 13:28:32,071 - sauce_connect:0 - INFO - GET http://upload.wikimedia.org/wikipedia/en/9/9d/Commons-logo-31px.png -> 200 (9ms)
2014-06-09 13:28:32,076 - sauce_connect:0 - INFO - GET http://upload.wikimedia.org/wikipedia/en/b/bc/Meta-logo-35px.png -> 200 (9ms)
2014-06-09 13:28:32,076 - sauce_connect:0 - INFO - GET http://upload.wikimedia.org/wikipedia/commons/thumb/1/16/X10_Reactor_Face.jpg/350px-X10_Reactor_Face.jpg -> 200 (45ms)
2014-06-09 13:28:32,092 - sauce_connect:0 - INFO - GET http://upload.wikimedia.org/wikipedia/commons/thumb/3/3d/Mediawiki-logo.png/35px-Mediawiki-logo.png -> 200 (8ms)
2014-06-09 13:28:32,098 - sauce_connect:0 - INFO - GET http://upload.wikimedia.org/wikipedia/en/7/7f/Wikibooks-logo-35px.png -> 200 (8ms)
2014-06-09 13:28:32,098 - sauce_connect:0 - INFO - GET http://upload.wikimedia.org/wikipedia/commons/thumb/f/ff/Wikidata-logo.svg/47px-Wikidata-logo.svg.png -> 200 (8ms)
2014-06-09 13:28:32,111 - sauce_connect:0 - INFO - GET http://meta.wikimedia.org/wiki/Special:RecordImpression?result=hide&reason=empty&country=XX&uselang=en&project=wikipedia&db=enwiki&bucket=0&anonymous=true&device=desktop -> 200 (8ms)
2014-06-09 13:28:32,119 - sauce_connect:0 - INFO - GET http://upload.wikimedia.org/wikipedia/en/6/60/Wikinews-logo-51px.png -> 200 (11ms)
2014-06-09 13:28:32,124 - sauce_connect:0 - INFO - GET http://upload.wikimedia.org/wikipedia/en/4/46/Wikiquote-logo-51px.png -> 200 (8ms)
2014-06-09 13:28:32,131 - sauce_connect:0 - INFO - GET http://upload.wikimedia.org/wikipedia/en/b/b6/Wikisource-logo-35px.png -> 200 (9ms)
2014-06-09 13:28:32,137 - sauce_connect:0 - INFO - GET http://upload.wikimedia.org/wikipedia/en/b/bf/Wikispecies-logo-35px.png -> 200 (9ms)
2014-06-09 13:28:32,141 - sauce_connect:0 - INFO - GET http://upload.wikimedia.org/wikipedia/en/e/e3/Wikiversity-logo-41px.png -> 200 (9ms)
2014-06-09 13:28:32,148 - sauce_connect:0 - INFO - GET http://upload.wikimedia.org/wikipedia/commons/thumb/d/dd/Wikivoyage-Logo-v3-icon.svg/35px-Wikivoyage-Logo-v3-icon.svg.png -> 200 (10ms)
2014-06-09 13:28:32,153 - sauce_connect:0 - INFO - GET http://upload.wikimedia.org/wikipedia/en/f/f2/Wiktionary-logo-51px.png -> 200 (7ms)
2014-06-09 13:28:32,177 - sauce_connect:0 - INFO - GET http://upload.wikimedia.org/wikipedia/en/b/bc/Wiki.png -> 200 (27ms)
2014-06-09 13:28:32,772 - sauce_connect:0 - INFO - GET http://bits.wikimedia.org/favicon/wikipedia.ico -> 200 (16ms)
2014-06-09 13:28:33,108 - sauce_connect:0 - INFO - GET http://en.wikipedia.org/wiki/Main_Page -> 200 (232ms)
2014-06-09 13:28:33,151 - sauce_connect:0 - INFO - GET http://login.wikimedia.org/wiki/Special:CentralAutoLogin/checkLoggedIn?type=script&wikiid=enwiki&proto=http -> 200 (7ms)
2014-06-09 13:28:33,163 - sauce_connect:0 - INFO - GET http://upload.wikimedia.org/wikipedia/en/thumb/7/7e/Busto_de_Juan_Carlos_I_de_Espa%C3%B1a_%282009%29.jpg/85px-Busto_de_Juan_Carlos_I_de_Espa%C3%B1a_%282009%29.jpg -> 200 (13ms)
2014-06-09 13:28:33,167 - sauce_connect:0 - INFO - GET http://upload.wikimedia.org/wikipedia/commons/thumb/d/d9/Thophasaccatabluecarpet.jpg/100px-Thophasaccatabluecarpet.jpg -> 200 (21ms)
2014-06-09 13:28:33,168 - sauce_connect:0 - INFO - GET http://upload.wikimedia.org/wikipedia/commons/thumb/f/fa/Apple_logo_black.svg/102px-Apple_logo_black.svg.png -> 200 (11ms)
2014-06-09 13:28:33,171 - sauce_connect:0 - INFO - GET http://upload.wikimedia.org/wikipedia/commons/thumb/c/c6/JosephNWelch.jpg/75px-JosephNWelch.jpg -> 200 (13ms)
2014-06-09 13:28:33,173 - sauce_connect:0 - INFO - GET http://upload.wikimedia.org/wikipedia/commons/thumb/0/00/President_Barack_Obama_greets_Jack_Hoffman%2C_April_29_2013_cropped.png/100px-President_Barack_Obama_greets_Jack_Hoffman%2C_April_29_2013_cropped.png -> 200 (23ms)
2014-06-09 13:28:33,214 - sauce_connect:0 - INFO - GET http://upload.wikimedia.org/wikipedia/commons/thumb/1/16/X10_Reactor_Face.jpg/350px-X10_Reactor_Face.jpg -> 200 (43ms)
2014-06-09 13:28:33,739 - sauce_connect:0 - INFO - GET http://en.wikipedia.org/w/index.php?search=Miso&title=Special%3ASearch&go=Go -> 302 (206ms)
2014-06-09 13:28:33,811 - sauce_connect:0 - INFO - GET http://bits.wikimedia.org/images/wikimedia-button.png -> 200 (10ms)
2014-06-09 13:28:33,842 - sauce_connect:0 - INFO - GET http://geoiplookup.wikimedia.org/ -> 200 (8ms)
2014-06-09 13:28:33,849 - sauce_connect:0 - INFO - GET http://upload.wikimedia.org/wikipedia/en/9/9d/Commons-logo-31px.png -> 200 (11ms)
2014-06-09 13:28:33,849 - sauce_connect:0 - INFO - GET http://upload.wikimedia.org/wikipedia/en/b/bc/Meta-logo-35px.png -> 200 (10ms)
2014-06-09 13:28:33,858 - sauce_connect:0 - INFO - GET http://upload.wikimedia.org/wikipedia/commons/thumb/3/3d/Mediawiki-logo.png/35px-Mediawiki-logo.png -> 200 (18ms)
2014-06-09 13:28:33,858 - sauce_connect:0 - INFO - GET http://upload.wikimedia.org/wikipedia/en/7/7f/Wikibooks-logo-35px.png -> 200 (9ms)
2014-06-09 13:28:33,864 - sauce_connect:0 - INFO - GET http://upload.wikimedia.org/wikipedia/commons/thumb/f/ff/Wikidata-logo.svg/47px-Wikidata-logo.svg.png -> 200 (10ms)
2014-06-09 13:28:33,865 - sauce_connect:0 - INFO - GET http://upload.wikimedia.org/wikipedia/en/6/60/Wikinews-logo-51px.png -> 200 (12ms)
2014-06-09 13:28:33,907 - sauce_connect:0 - INFO - GET http://meta.wikimedia.org/wiki/Special:BannerRandom?uselang=en&sitename=Wikipedia&project=wikipedia&anonymous=true&bucket=1&country=XX&device=desktop&slot=12 -> 200 (8ms)
2014-06-09 13:28:33,908 - sauce_connect:0 - INFO - GET http://upload.wikimedia.org/wikipedia/en/b/b6/Wikisource-logo-35px.png -> 200 (9ms)
2014-06-09 13:28:33,908 - sauce_connect:0 - INFO - GET http://upload.wikimedia.org/wikipedia/en/4/46/Wikiquote-logo-51px.png -> 200 (9ms)
2014-06-09 13:28:34,016 - sauce_connect:0 - INFO - GET http://upload.wikimedia.org/wikipedia/en/b/bf/Wikispecies-logo-35px.png -> 200 (9ms)
2014-06-09 13:28:34,016 - sauce_connect:0 - INFO - GET http://upload.wikimedia.org/wikipedia/en/e/e3/Wikiversity-logo-41px.png -> 200 (9ms)
2014-06-09 13:28:34,016 - sauce_connect:0 - INFO - GET http://upload.wikimedia.org/wikipedia/commons/thumb/d/dd/Wikivoyage-Logo-v3-icon.svg/35px-Wikivoyage-Logo-v3-icon.svg.png -> 200 (9ms)
2014-06-09 13:28:34,098 - sauce_connect:0 - INFO - GET http://upload.wikimedia.org/wikipedia/en/f/f2/Wiktionary-logo-51px.png -> 200 (8ms)
2014-06-09 13:28:34,117 - sauce_connect:0 - INFO - GET http://upload.wikimedia.org/wikipedia/en/b/bc/Wiki.png -> 200 (20ms)
2014-06-09 13:28:34,131 - sauce_connect:0 - INFO - GET http://meta.wikimedia.org/wiki/Special:RecordImpression?result=hide&reason=empty&country=XX&uselang=en&project=wikipedia&db=enwiki&bucket=1&anonymous=true&device=desktop -> 200 (11ms)
2014-06-09 13:28:34,135 - sauce_connect:0 - INFO - GET http://upload.wikimedia.org/wikipedia/commons/thumb/e/ed/Miso_paste_by_wilbanks_in_Nishiki_Ichiba%2C_Kyoto.jpg/200px-Miso_paste_by_wilbanks_in_Nishiki_Ichiba%2C_Kyoto.jpg -> 200 (10ms)
2014-06-09 13:28:34,200 - sauce_connect:0 - INFO - GET http://bits.wikimedia.org/favicon/wikipedia.ico -> 200 (16ms)
2014-06-09 13:28:34,361 - sauce_connect:0 - INFO - GET http://upload.wikimedia.org/wikipedia/commons/thumb/7/72/Miso_sold_in_Tokyo_foodhall.jpg/200px-Miso_sold_in_Tokyo_foodhall.jpg -> 200 (236ms)
2014-06-09 13:28:34,437 - sauce_connect:0 - INFO - GET http://en.wikipedia.org/wiki/Miso -> 200 (446ms)
2014-06-09 13:28:34,539 - sauce_connect:0 - INFO - GET http://upload.wikimedia.org/wikipedia/commons/thumb/1/1b/CodazziMisoKioke1.jpg/200px-CodazziMisoKioke1.jpg -> 200 (414ms)
2014-06-09 13:28:34,578 - sauce_connect:0 - INFO - GET http://upload.wikimedia.org/wikipedia/commons/thumb/d/d6/Foodlogo2.svg/32px-Foodlogo2.svg.png -> 200 (8ms)
2014-06-09 13:28:34,578 - sauce_connect:0 - INFO - GET http://upload.wikimedia.org/wikipedia/en/thumb/4/4a/Commons-logo.svg/30px-Commons-logo.svg.png -> 200 (10ms)
2014-06-09 13:28:34,581 - sauce_connect:0 - INFO - GET http://upload.wikimedia.org/wikipedia/commons/thumb/8/82/Soybean.USDA.jpg/80px-Soybean.USDA.jpg -> 200 (9ms)
2014-06-09 13:28:34,582 - sauce_connect:0 - INFO - GET http://bits.wikimedia.org/images/wikimedia-button.png -> 200 (10ms)
2014-06-09 13:28:34,595 - sauce_connect:0 - INFO - GET http://upload.wikimedia.org/wikipedia/en/b/bc/Wiki.png -> 200 (22ms)
2014-06-09 13:28:34,721 - sauce_connect:0 - INFO - GET http://meta.wikimedia.org/wiki/Special:BannerRandom?uselang=en&sitename=Wikipedia&project=wikipedia&anonymous=true&bucket=0&country=GeoIP%253D%253A%253A%253A%253Avx%3B+mediaWiki.user.sessionId%3DmAGIoy9MpwfZDksNcIS74KKHY2H8AlXh%3B+uls-previous-languages%3D%255B%2522en%2522%255D%3B+GeoIP%3D&device=desktop&slot=29 -> 200 (154ms)
2014-06-09 13:28:34,861 - sauce_connect:0 - INFO - GET http://meta.wikimedia.org/wiki/Special:RecordImpression?result=hide&reason=empty&country=GeoIP%253D%253A%253A%253A%253Avx%3B+mediaWiki.user.sessionId%3DmAGIoy9MpwfZDksNcIS74KKHY2H8AlXh%3B+uls-previous-languages%3D%255B%2522en%2522%255D%3B+GeoIP%3D&uselang=en&project=wikipedia&db=enwiki&bucket=0&anonymous=true&device=desktop -> 200 (128ms)
2014-06-09 13:28:35,404 - sauce_connect:0 - INFO - GET http://en.wikipedia.org/w/index.php?search=Ramen&title=Special%3ASearch&go=Go -> 302 (158ms)
2014-06-09 13:28:35,486 - sauce_connect:0 - INFO - GET http://en.wikipedia.org/wiki/Ramen -> 200 (59ms)
2014-06-09 13:28:35,836 - sauce_connect:0 - INFO - GET http://upload.wikimedia.org/wikipedia/en/thumb/9/99/Question_book-new.svg/50px-Question_book-new.svg.png -> 200 (7ms)
2014-06-09 13:28:36,184 - sauce_connect:0 - INFO - GET http://upload.wikimedia.org/wikipedia/en/thumb/4/4a/Commons-logo.svg/12px-Commons-logo.svg.png -> 200 (9ms)
2014-06-09 13:28:36,186 - sauce_connect:0 - INFO - GET http://upload.wikimedia.org/wikipedia/commons/thumb/d/df/Wikibooks-logo-en-noslogan.svg/16px-Wikibooks-logo-en-noslogan.svg.png -> 200 (9ms)
2014-06-09 13:28:36,190 - sauce_connect:0 - INFO - GET http://upload.wikimedia.org/wikipedia/commons/thumb/f/fc/Soy_ramen.jpg/250px-Soy_ramen.jpg -> 200 (14ms)
2014-06-09 13:28:36,200 - sauce_connect:0 - INFO - GET http://upload.wikimedia.org/wikipedia/commons/thumb/9/95/Tonkotsu_ramen.JPG/220px-Tonkotsu_ramen.JPG -> 200 (23ms)
2014-06-09 13:28:36,200 - sauce_connect:0 - INFO - GET http://upload.wikimedia.org/wikipedia/commons/thumb/a/a8/Fresh_ramen_noodle_001.jpg/220px-Fresh_ramen_noodle_001.jpg -> 200 (23ms)
2014-06-09 13:28:36,210 - sauce_connect:0 - INFO - GET http://bits.wikimedia.org/images/wikimedia-button.png -> 200 (8ms)
2014-06-09 13:28:36,223 - sauce_connect:0 - INFO - GET http://upload.wikimedia.org/wikipedia/commons/thumb/a/a1/Japanese_Salt_flavor_Sapporo_Ramen.JPG/220px-Japanese_Salt_flavor_Sapporo_Ramen.JPG -> 200 (21ms)
2014-06-09 13:28:36,239 - sauce_connect:0 - INFO - GET http://upload.wikimedia.org/wikipedia/commons/thumb/2/24/Misora-men2222222.jpg/220px-Misora-men2222222.jpg -> 200 (21ms)
2014-06-09 13:28:36,255 - sauce_connect:0 - INFO - GET http://upload.wikimedia.org/wikipedia/commons/thumb/d/d2/Kitakatara-men.jpg/150px-Kitakatara-men.jpg -> 200 (7ms)
2014-06-09 13:28:36,259 - sauce_connect:0 - INFO - GET http://upload.wikimedia.org/wikipedia/commons/thumb/6/65/Hakatara-men.jpg/150px-Hakatara-men.jpg -> 200 (8ms)
2014-06-09 13:28:36,263 - sauce_connect:0 - INFO - GET http://upload.wikimedia.org/wikipedia/commons/thumb/6/61/Tokyoramen.jpg/150px-Tokyoramen.jpg -> 200 (16ms)
2014-06-09 13:28:36,313 - sauce_connect:0 - INFO - GET http://meta.wikimedia.org/wiki/Special:BannerRandom?uselang=en&sitename=Wikipedia&project=wikipedia&anonymous=true&bucket=1&country=GeoIP%253D%253A%253A%253A%253Avx%3B+mediaWiki.user.sessionId%3DEQPU6XHlFhoP1xjSj2ktznBI0Yot1KHx%3B+uls-previous-languages%3D%255B%2522en%2522%255D%3B+GeoIP%3D&device=desktop&slot=25 -> 200 (134ms)
2014-06-09 13:28:36,413 - sauce_connect:0 - INFO - GET http://upload.wikimedia.org/wikipedia/commons/thumb/b/bd/Tsukemen.jpg/150px-Tsukemen.jpg -> 200 (13ms)
2014-06-09 13:28:36,506 - sauce_connect:0 - INFO - GET http://upload.wikimedia.org/wikipedia/commons/thumb/6/62/Zaru_ramen_Paris.jpg/150px-Zaru_ramen_Paris.jpg -> 200 (8ms)
2014-06-09 13:28:36,509 - sauce_connect:0 - INFO - GET http://upload.wikimedia.org/wikipedia/commons/thumb/3/38/Butter_Corn_Ramen.JPG/150px-Butter_Corn_Ramen.JPG -> 200 (15ms)
2014-06-09 13:28:36,519 - sauce_connect:0 - INFO - GET http://upload.wikimedia.org/wikipedia/commons/thumb/7/76/Aburasoba.jpg/135px-Aburasoba.jpg -> 200 (25ms)
2014-06-09 13:28:36,536 - sauce_connect:0 - INFO - GET http://upload.wikimedia.org/wikipedia/commons/thumb/2/25/Sapporo_miso_ramen.jpg/150px-Sapporo_miso_ramen.jpg -> 200 (16ms)
2014-06-09 13:28:36,542 - sauce_connect:0 - INFO - GET http://upload.wikimedia.org/wikipedia/commons/thumb/b/b3/High_school_students_eating_Ramen.JPG/220px-High_school_students_eating_Ramen.JPG -> 200 (16ms)
2014-06-09 13:28:36,543 - sauce_connect:0 - INFO - GET http://upload.wikimedia.org/wikipedia/commons/thumb/5/58/YakyudoriRamen.jpeg/220px-YakyudoriRamen.jpeg -> 200 (15ms)
2014-06-09 13:28:36,568 - sauce_connect:0 - INFO - GET http://upload.wikimedia.org/wikipedia/commons/thumb/6/68/Ramen_Noodles_by_David_Shankbone.jpg/220px-Ramen_Noodles_by_David_Shankbone.jpg -> 200 (23ms)
2014-06-09 13:28:36,586 - sauce_connect:0 - INFO - GET http://upload.wikimedia.org/wikipedia/commons/thumb/d/d6/Foodlogo2.svg/32px-Foodlogo2.svg.png -> 200 (8ms)
2014-06-09 13:28:36,605 - sauce_connect:0 - INFO - GET http://upload.wikimedia.org/wikipedia/commons/thumb/f/ff/Wikidata-logo.svg/25px-Wikidata-logo.svg.png -> 200 (11ms)
2014-06-09 13:28:36,614 - sauce_connect:0 - INFO - GET http://upload.wikimedia.org/wikipedia/commons/thumb/f/f8/Wiktionary-logo-en.svg/23px-Wiktionary-logo-en.svg.png -> 200 (8ms)
2014-06-09 13:28:36,628 - sauce_connect:0 - INFO - GET http://upload.wikimedia.org/wikipedia/en/b/bc/Wiki.png -> 200 (22ms)
2014-06-09 13:28:36,632 - sauce_connect:0 - INFO - GET http://meta.wikimedia.org/wiki/Special:RecordImpression?result=hide&reason=empty&country=GeoIP%253D%253A%253A%253A%253Avx%3B+mediaWiki.user.sessionId%3DEQPU6XHlFhoP1xjSj2ktznBI0Yot1KHx%3B+uls-previous-languages%3D%255B%2522en%2522%255D%3B+GeoIP%3D&uselang=en&project=wikipedia&db=enwiki&bucket=1&anonymous=true&device=desktop -> 200 (135ms)
2014-06-09 13:28:36,644 - sauce_connect:0 - INFO - GET http://upload.wikimedia.org/wikipedia/commons/d/d4/Monobook-bullet-star.png -> 200 (7ms)
2014-06-09 13:28:36,723 - sauce_connect:0 - INFO - GET http://upload.wikimedia.org/wikipedia/commons/thumb/6/67/Takayama_ramen.jpg/150px-Takayama_ramen.jpg -> 200 (230ms)
2014-06-09 13:28:36,846 - sauce_connect:0 - INFO - GET http://upload.wikimedia.org/wikipedia/commons/thumb/1/10/Hiyashira-men.jpg/150px-Hiyashira-men.jpg -> 200 (353ms)
2014-06-09 13:28:40,466 - sauce_connect:0 - INFO - received SIGINT
